CRITICAL - 2022-07-04 19:48:52 --> Undefined property: stdClass::$absen_masuk
#0 C:\Hendri\Xampp\htdocs\ci4-presensiqr\app\Views\siswa\presensi\index.php(43): CodeIgniter\Debug\Exceptions->errorHandler(8, 'Undefined prope...', 'C:\\Hendri\\Xampp...', 43, Array)
#1 C:\Hendri\Xampp\htdocs\ci4-presensiqr\vendor\codeigniter4\framework\system\View\View.php(214): include('C:\\Hendri\\Xampp...')
#2 C:\Hendri\Xampp\htdocs\ci4-presensiqr\vendor\codeigniter4\framework\system\View\View.php(217): CodeIgniter\View\View->CodeIgniter\View\{closure}()
#3 C:\Hendri\Xampp\htdocs\ci4-presensiqr\vendor\codeigniter4\framework\system\Common.php(1097): CodeIgniter\View\View->render('siswa/presensi/...', Array, true)
#4 C:\Hendri\Xampp\htdocs\ci4-presensiqr\app\Controllers\Students.php(101): view('siswa/presensi/...', Array)
#5 C:\Hendri\Xampp\htdocs\ci4-presensiqr\vendor\codeigniter4\framework\system\CodeIgniter.php(824): App\Controllers\Students->presensi()
#6 C:\Hendri\Xampp\htdocs\ci4-presensiqr\vendor\codeigniter4\framework\system\CodeIgniter.php(410): CodeIgniter\CodeIgniter->runController(Object(App\Controllers\Students))
#7 C:\Hendri\Xampp\htdocs\ci4-presensiqr\vendor\codeigniter4\framework\system\CodeIgniter.php(318): CodeIgniter\CodeIgniter->handleRequest(NULL, Object(Config\Cache), false)
#8 C:\Hendri\Xampp\htdocs\ci4-presensiqr\public\index.php(37): CodeIgniter\CodeIgniter->run()
#9 {main}
CRITICAL - 2022-07-04 19:59:22 --> syntax error, unexpected 'else' (T_ELSE)
#0 C:\Hendri\Xampp\htdocs\ci4-presensiqr\vendor\codeigniter4\framework\system\View\View.php(217): CodeIgniter\View\View->CodeIgniter\View\{closure}()
#1 C:\Hendri\Xampp\htdocs\ci4-presensiqr\vendor\codeigniter4\framework\system\Common.php(1097): CodeIgniter\View\View->render('siswa/presensi/...', Array, true)
#2 C:\Hendri\Xampp\htdocs\ci4-presensiqr\app\Controllers\Students.php(127): view('siswa/presensi/...', Array)
#3 C:\Hendri\Xampp\htdocs\ci4-presensiqr\vendor\codeigniter4\framework\system\CodeIgniter.php(824): App\Controllers\Students->absenmasuk('SUxVY0dzREs3MHJ...')
#4 C:\Hendri\Xampp\htdocs\ci4-presensiqr\vendor\codeigniter4\framework\system\CodeIgniter.php(410): CodeIgniter\CodeIgniter->runController(Object(App\Controllers\Students))
#5 C:\Hendri\Xampp\htdocs\ci4-presensiqr\vendor\codeigniter4\framework\system\CodeIgniter.php(318): CodeIgniter\CodeIgniter->handleRequest(NULL, Object(Config\Cache), false)
#6 C:\Hendri\Xampp\htdocs\ci4-presensiqr\public\index.php(37): CodeIgniter\CodeIgniter->run()
#7 {main}
CRITICAL - 2022-07-04 19:59:52 --> Undefined property: stdClass::$tgl_event
#0 C:\Hendri\Xampp\htdocs\ci4-presensiqr\app\Views\siswa\presensi\show-masuk.php(64): CodeIgniter\Debug\Exceptions->errorHandler(8, 'Undefined prope...', 'C:\\Hendri\\Xampp...', 64, Array)
#1 C:\Hendri\Xampp\htdocs\ci4-presensiqr\vendor\codeigniter4\framework\system\View\View.php(214): include('C:\\Hendri\\Xampp...')
#2 C:\Hendri\Xampp\htdocs\ci4-presensiqr\vendor\codeigniter4\framework\system\View\View.php(217): CodeIgniter\View\View->CodeIgniter\View\{closure}()
#3 C:\Hendri\Xampp\htdocs\ci4-presensiqr\vendor\codeigniter4\framework\system\Common.php(1097): CodeIgniter\View\View->render('siswa/presensi/...', Array, true)
#4 C:\Hendri\Xampp\htdocs\ci4-presensiqr\app\Controllers\Students.php(127): view('siswa/presensi/...', Array)
#5 C:\Hendri\Xampp\htdocs\ci4-presensiqr\vendor\codeigniter4\framework\system\CodeIgniter.php(824): App\Controllers\Students->absenmasuk('SUxVY0dzREs3MHJ...')
#6 C:\Hendri\Xampp\htdocs\ci4-presensiqr\vendor\codeigniter4\framework\system\CodeIgniter.php(410): CodeIgniter\CodeIgniter->runController(Object(App\Controllers\Students))
#7 C:\Hendri\Xampp\htdocs\ci4-presensiqr\vendor\codeigniter4\framework\system\CodeIgniter.php(318): CodeIgniter\CodeIgniter->handleRequest(NULL, Object(Config\Cache), false)
#8 C:\Hendri\Xampp\htdocs\ci4-presensiqr\public\index.php(37): CodeIgniter\CodeIgniter->run()
#9 {main}
CRITICAL - 2022-07-04 20:00:35 --> Undefined property: stdClass::$tgl_event
#0 C:\Hendri\Xampp\htdocs\ci4-presensiqr\app\Views\siswa\presensi\show-masuk.php(64): CodeIgniter\Debug\Exceptions->errorHandler(8, 'Undefined prope...', 'C:\\Hendri\\Xampp...', 64, Array)
#1 C:\Hendri\Xampp\htdocs\ci4-presensiqr\vendor\codeigniter4\framework\system\View\View.php(214): include('C:\\Hendri\\Xampp...')
#2 C:\Hendri\Xampp\htdocs\ci4-presensiqr\vendor\codeigniter4\framework\system\View\View.php(217): CodeIgniter\View\View->CodeIgniter\View\{closure}()
#3 C:\Hendri\Xampp\htdocs\ci4-presensiqr\vendor\codeigniter4\framework\system\Common.php(1097): CodeIgniter\View\View->render('siswa/presensi/...', Array, true)
#4 C:\Hendri\Xampp\htdocs\ci4-presensiqr\app\Controllers\Students.php(127): view('siswa/presensi/...', Array)
#5 C:\Hendri\Xampp\htdocs\ci4-presensiqr\vendor\codeigniter4\framework\system\CodeIgniter.php(824): App\Controllers\Students->absenmasuk('SUxVY0dzREs3MHJ...')
#6 C:\Hendri\Xampp\htdocs\ci4-presensiqr\vendor\codeigniter4\framework\system\CodeIgniter.php(410): CodeIgniter\CodeIgniter->runController(Object(App\Controllers\Students))
#7 C:\Hendri\Xampp\htdocs\ci4-presensiqr\vendor\codeigniter4\framework\system\CodeIgniter.php(318): CodeIgniter\CodeIgniter->handleRequest(NULL, Object(Config\Cache), false)
#8 C:\Hendri\Xampp\htdocs\ci4-presensiqr\public\index.php(37): CodeIgniter\CodeIgniter->run()
#9 {main}
CRITICAL - 2022-07-04 20:01:59 --> Undefined property: stdClass::$tgl_event
#0 C:\Hendri\Xampp\htdocs\ci4-presensiqr\app\Views\siswa\presensi\show-masuk.php(58): CodeIgniter\Debug\Exceptions->errorHandler(8, 'Undefined prope...', 'C:\\Hendri\\Xampp...', 58, Array)
#1 C:\Hendri\Xampp\htdocs\ci4-presensiqr\vendor\codeigniter4\framework\system\View\View.php(214): include('C:\\Hendri\\Xampp...')
#2 C:\Hendri\Xampp\htdocs\ci4-presensiqr\vendor\codeigniter4\framework\system\View\View.php(217): CodeIgniter\View\View->CodeIgniter\View\{closure}()
#3 C:\Hendri\Xampp\htdocs\ci4-presensiqr\vendor\codeigniter4\framework\system\Common.php(1097): CodeIgniter\View\View->render('siswa/presensi/...', Array, true)
#4 C:\Hendri\Xampp\htdocs\ci4-presensiqr\app\Controllers\Students.php(127): view('siswa/presensi/...', Array)
#5 C:\Hendri\Xampp\htdocs\ci4-presensiqr\vendor\codeigniter4\framework\system\CodeIgniter.php(824): App\Controllers\Students->absenmasuk('SUxVY0dzREs3MHJ...')
#6 C:\Hendri\Xampp\htdocs\ci4-presensiqr\vendor\codeigniter4\framework\system\CodeIgniter.php(410): CodeIgniter\CodeIgniter->runController(Object(App\Controllers\Students))
#7 C:\Hendri\Xampp\htdocs\ci4-presensiqr\vendor\codeigniter4\framework\system\CodeIgniter.php(318): CodeIgniter\CodeIgniter->handleRequest(NULL, Object(Config\Cache), false)
#8 C:\Hendri\Xampp\htdocs\ci4-presensiqr\public\index.php(37): CodeIgniter\CodeIgniter->run()
#9 {main}
CRITICAL - 2022-07-04 20:02:17 --> Undefined property: stdClass::$tgl_event
#0 C:\Hendri\Xampp\htdocs\ci4-presensiqr\app\Views\siswa\presensi\show-masuk.php(58): CodeIgniter\Debug\Exceptions->errorHandler(8, 'Undefined prope...', 'C:\\Hendri\\Xampp...', 58, Array)
#1 C:\Hendri\Xampp\htdocs\ci4-presensiqr\vendor\codeigniter4\framework\system\View\View.php(214): include('C:\\Hendri\\Xampp...')
#2 C:\Hendri\Xampp\htdocs\ci4-presensiqr\vendor\codeigniter4\framework\system\View\View.php(217): CodeIgniter\View\View->CodeIgniter\View\{closure}()
#3 C:\Hendri\Xampp\htdocs\ci4-presensiqr\vendor\codeigniter4\framework\system\Common.php(1097): CodeIgniter\View\View->render('siswa/presensi/...', Array, true)
#4 C:\Hendri\Xampp\htdocs\ci4-presensiqr\app\Controllers\Students.php(127): view('siswa/presensi/...', Array)
#5 C:\Hendri\Xampp\htdocs\ci4-presensiqr\vendor\codeigniter4\framework\system\CodeIgniter.php(824): App\Controllers\Students->absenmasuk('SUxVY0dzREs3MHJ...')
#6 C:\Hendri\Xampp\htdocs\ci4-presensiqr\vendor\codeigniter4\framework\system\CodeIgniter.php(410): CodeIgniter\CodeIgniter->runController(Object(App\Controllers\Students))
#7 C:\Hendri\Xampp\htdocs\ci4-presensiqr\vendor\codeigniter4\framework\system\CodeIgniter.php(318): CodeIgniter\CodeIgniter->handleRequest(NULL, Object(Config\Cache), false)
#8 C:\Hendri\Xampp\htdocs\ci4-presensiqr\public\index.php(37): CodeIgniter\CodeIgniter->run()
#9 {main}
CRITICAL - 2022-07-04 20:02:19 --> Undefined property: stdClass::$tgl_event
#0 C:\Hendri\Xampp\htdocs\ci4-presensiqr\app\Views\siswa\presensi\show-masuk.php(58): CodeIgniter\Debug\Exceptions->errorHandler(8, 'Undefined prope...', 'C:\\Hendri\\Xampp...', 58, Array)
#1 C:\Hendri\Xampp\htdocs\ci4-presensiqr\vendor\codeigniter4\framework\system\View\View.php(214): include('C:\\Hendri\\Xampp...')
#2 C:\Hendri\Xampp\htdocs\ci4-presensiqr\vendor\codeigniter4\framework\system\View\View.php(217): CodeIgniter\View\View->CodeIgniter\View\{closure}()
#3 C:\Hendri\Xampp\htdocs\ci4-presensiqr\vendor\codeigniter4\framework\system\Common.php(1097): CodeIgniter\View\View->render('siswa/presensi/...', Array, true)
#4 C:\Hendri\Xampp\htdocs\ci4-presensiqr\app\Controllers\Students.php(127): view('siswa/presensi/...', Array)
#5 C:\Hendri\Xampp\htdocs\ci4-presensiqr\vendor\codeigniter4\framework\system\CodeIgniter.php(824): App\Controllers\Students->absenmasuk('SUxVY0dzREs3MHJ...')
#6 C:\Hendri\Xampp\htdocs\ci4-presensiqr\vendor\codeigniter4\framework\system\CodeIgniter.php(410): CodeIgniter\CodeIgniter->runController(Object(App\Controllers\Students))
#7 C:\Hendri\Xampp\htdocs\ci4-presensiqr\vendor\codeigniter4\framework\system\CodeIgniter.php(318): CodeIgniter\CodeIgniter->handleRequest(NULL, Object(Config\Cache), false)
#8 C:\Hendri\Xampp\htdocs\ci4-presensiqr\public\index.php(37): CodeIgniter\CodeIgniter->run()
#9 {main}
CRITICAL - 2022-07-04 20:18:10 --> Call to undefined method stdClass::date()
#0 C:\Hendri\Xampp\htdocs\ci4-presensiqr\vendor\codeigniter4\framework\system\View\View.php(214): include()
#1 C:\Hendri\Xampp\htdocs\ci4-presensiqr\vendor\codeigniter4\framework\system\View\View.php(217): CodeIgniter\View\View->CodeIgniter\View\{closure}()
#2 C:\Hendri\Xampp\htdocs\ci4-presensiqr\vendor\codeigniter4\framework\system\Common.php(1097): CodeIgniter\View\View->render('siswa/presensi/...', Array, true)
#3 C:\Hendri\Xampp\htdocs\ci4-presensiqr\app\Controllers\Students.php(101): view('siswa/presensi/...', Array)
#4 C:\Hendri\Xampp\htdocs\ci4-presensiqr\vendor\codeigniter4\framework\system\CodeIgniter.php(824): App\Controllers\Students->presensi()
#5 C:\Hendri\Xampp\htdocs\ci4-presensiqr\vendor\codeigniter4\framework\system\CodeIgniter.php(410): CodeIgniter\CodeIgniter->runController(Object(App\Controllers\Students))
#6 C:\Hendri\Xampp\htdocs\ci4-presensiqr\vendor\codeigniter4\framework\system\CodeIgniter.php(318): CodeIgniter\CodeIgniter->handleRequest(NULL, Object(Config\Cache), false)
#7 C:\Hendri\Xampp\htdocs\ci4-presensiqr\public\index.php(37): CodeIgniter\CodeIgniter->run()
#8 {main}
CRITICAL - 2022-07-04 20:19:04 --> Call to undefined method stdClass::timezone_location_get()
#0 C:\Hendri\Xampp\htdocs\ci4-presensiqr\vendor\codeigniter4\framework\system\View\View.php(214): include()
#1 C:\Hendri\Xampp\htdocs\ci4-presensiqr\vendor\codeigniter4\framework\system\View\View.php(217): CodeIgniter\View\View->CodeIgniter\View\{closure}()
#2 C:\Hendri\Xampp\htdocs\ci4-presensiqr\vendor\codeigniter4\framework\system\Common.php(1097): CodeIgniter\View\View->render('siswa/presensi/...', Array, true)
#3 C:\Hendri\Xampp\htdocs\ci4-presensiqr\app\Controllers\Students.php(101): view('siswa/presensi/...', Array)
#4 C:\Hendri\Xampp\htdocs\ci4-presensiqr\vendor\codeigniter4\framework\system\CodeIgniter.php(824): App\Controllers\Students->presensi()
#5 C:\Hendri\Xampp\htdocs\ci4-presensiqr\vendor\codeigniter4\framework\system\CodeIgniter.php(410): CodeIgniter\CodeIgniter->runController(Object(App\Controllers\Students))
#6 C:\Hendri\Xampp\htdocs\ci4-presensiqr\vendor\codeigniter4\framework\system\CodeIgniter.php(318): CodeIgniter\CodeIgniter->handleRequest(NULL, Object(Config\Cache), false)
#7 C:\Hendri\Xampp\htdocs\ci4-presensiqr\public\index.php(37): CodeIgniter\CodeIgniter->run()
#8 {main}
CRITICAL - 2022-07-04 20:33:33 --> syntax error, unexpected 'form' (T_STRING)
#0 C:\Hendri\Xampp\htdocs\ci4-presensiqr\vendor\codeigniter4\framework\system\View\View.php(217): CodeIgniter\View\View->CodeIgniter\View\{closure}()
#1 C:\Hendri\Xampp\htdocs\ci4-presensiqr\vendor\codeigniter4\framework\system\Common.php(1097): CodeIgniter\View\View->render('admin/presensi/...', Array, true)
#2 C:\Hendri\Xampp\htdocs\ci4-presensiqr\app\Controllers\Admin.php(520): view('admin/presensi/...', Array)
#3 C:\Hendri\Xampp\htdocs\ci4-presensiqr\vendor\codeigniter4\framework\system\CodeIgniter.php(824): App\Controllers\Admin->addpresensi()
#4 C:\Hendri\Xampp\htdocs\ci4-presensiqr\vendor\codeigniter4\framework\system\CodeIgniter.php(410): CodeIgniter\CodeIgniter->runController(Object(App\Controllers\Admin))
#5 C:\Hendri\Xampp\htdocs\ci4-presensiqr\vendor\codeigniter4\framework\system\CodeIgniter.php(318): CodeIgniter\CodeIgniter->handleRequest(NULL, Object(Config\Cache), false)
#6 C:\Hendri\Xampp\htdocs\ci4-presensiqr\public\index.php(37): CodeIgniter\CodeIgniter->run()
#7 {main}
CRITICAL - 2022-07-04 20:33:47 --> Call to undefined function absen_masuk()
#0 C:\Hendri\Xampp\htdocs\ci4-presensiqr\vendor\codeigniter4\framework\system\View\View.php(214): include()
#1 C:\Hendri\Xampp\htdocs\ci4-presensiqr\vendor\codeigniter4\framework\system\View\View.php(217): CodeIgniter\View\View->CodeIgniter\View\{closure}()
#2 C:\Hendri\Xampp\htdocs\ci4-presensiqr\vendor\codeigniter4\framework\system\Common.php(1097): CodeIgniter\View\View->render('admin/presensi/...', Array, true)
#3 C:\Hendri\Xampp\htdocs\ci4-presensiqr\app\Controllers\Admin.php(520): view('admin/presensi/...', Array)
#4 C:\Hendri\Xampp\htdocs\ci4-presensiqr\vendor\codeigniter4\framework\system\CodeIgniter.php(824): App\Controllers\Admin->addpresensi()
#5 C:\Hendri\Xampp\htdocs\ci4-presensiqr\vendor\codeigniter4\framework\system\CodeIgniter.php(410): CodeIgniter\CodeIgniter->runController(Object(App\Controllers\Admin))
#6 C:\Hendri\Xampp\htdocs\ci4-presensiqr\vendor\codeigniter4\framework\system\CodeIgniter.php(318): CodeIgniter\CodeIgniter->handleRequest(NULL, Object(Config\Cache), false)
#7 C:\Hendri\Xampp\htdocs\ci4-presensiqr\public\index.php(37): CodeIgniter\CodeIgniter->run()
#8 {main}
CRITICAL - 2022-07-04 20:33:57 --> Call to undefined function absen_masuk()
#0 C:\Hendri\Xampp\htdocs\ci4-presensiqr\vendor\codeigniter4\framework\system\View\View.php(214): include()
#1 C:\Hendri\Xampp\htdocs\ci4-presensiqr\vendor\codeigniter4\framework\system\View\View.php(217): CodeIgniter\View\View->CodeIgniter\View\{closure}()
#2 C:\Hendri\Xampp\htdocs\ci4-presensiqr\vendor\codeigniter4\framework\system\Common.php(1097): CodeIgniter\View\View->render('admin/presensi/...', Array, true)
#3 C:\Hendri\Xampp\htdocs\ci4-presensiqr\app\Controllers\Admin.php(520): view('admin/presensi/...', Array)
#4 C:\Hendri\Xampp\htdocs\ci4-presensiqr\vendor\codeigniter4\framework\system\CodeIgniter.php(824): App\Controllers\Admin->addpresensi()
#5 C:\Hendri\Xampp\htdocs\ci4-presensiqr\vendor\codeigniter4\framework\system\CodeIgniter.php(410): CodeIgniter\CodeIgniter->runController(Object(App\Controllers\Admin))
#6 C:\Hendri\Xampp\htdocs\ci4-presensiqr\vendor\codeigniter4\framework\system\CodeIgniter.php(318): CodeIgniter\CodeIgniter->handleRequest(NULL, Object(Config\Cache), false)
#7 C:\Hendri\Xampp\htdocs\ci4-presensiqr\public\index.php(37): CodeIgniter\CodeIgniter->run()
#8 {main}
CRITICAL - 2022-07-04 20:35:52 --> Undefined property: stdClass::$nama_kelas
#0 C:\Hendri\Xampp\htdocs\ci4-presensiqr\app\Views\siswa\presensi\show-masuk.php(11): CodeIgniter\Debug\Exceptions->errorHandler(8, 'Undefined prope...', 'C:\\Hendri\\Xampp...', 11, Array)
#1 C:\Hendri\Xampp\htdocs\ci4-presensiqr\vendor\codeigniter4\framework\system\View\View.php(214): include('C:\\Hendri\\Xampp...')
#2 C:\Hendri\Xampp\htdocs\ci4-presensiqr\vendor\codeigniter4\framework\system\View\View.php(217): CodeIgniter\View\View->CodeIgniter\View\{closure}()
#3 C:\Hendri\Xampp\htdocs\ci4-presensiqr\vendor\codeigniter4\framework\system\Common.php(1097): CodeIgniter\View\View->render('siswa/presensi/...', Array, true)
#4 C:\Hendri\Xampp\htdocs\ci4-presensiqr\app\Controllers\Students.php(127): view('siswa/presensi/...', Array)
#5 C:\Hendri\Xampp\htdocs\ci4-presensiqr\vendor\codeigniter4\framework\system\CodeIgniter.php(824): App\Controllers\Students->absenmasuk('QW9kL0g5Tk13UnJ...')
#6 C:\Hendri\Xampp\htdocs\ci4-presensiqr\vendor\codeigniter4\framework\system\CodeIgniter.php(410): CodeIgniter\CodeIgniter->runController(Object(App\Controllers\Students))
#7 C:\Hendri\Xampp\htdocs\ci4-presensiqr\vendor\codeigniter4\framework\system\CodeIgniter.php(318): CodeIgniter\CodeIgniter->handleRequest(NULL, Object(Config\Cache), false)
#8 C:\Hendri\Xampp\htdocs\ci4-presensiqr\public\index.php(37): CodeIgniter\CodeIgniter->run()
#9 {main}
CRITICAL - 2022-07-04 20:37:48 --> Undefined property: stdClass::$nama_kelas
#0 C:\Hendri\Xampp\htdocs\ci4-presensiqr\app\Views\siswa\presensi\show-masuk.php(11): CodeIgniter\Debug\Exceptions->errorHandler(8, 'Undefined prope...', 'C:\\Hendri\\Xampp...', 11, Array)
#1 C:\Hendri\Xampp\htdocs\ci4-presensiqr\vendor\codeigniter4\framework\system\View\View.php(214): include('C:\\Hendri\\Xampp...')
#2 C:\Hendri\Xampp\htdocs\ci4-presensiqr\vendor\codeigniter4\framework\system\View\View.php(217): CodeIgniter\View\View->CodeIgniter\View\{closure}()
#3 C:\Hendri\Xampp\htdocs\ci4-presensiqr\vendor\codeigniter4\framework\system\Common.php(1097): CodeIgniter\View\View->render('siswa/presensi/...', Array, true)
#4 C:\Hendri\Xampp\htdocs\ci4-presensiqr\app\Controllers\Students.php(127): view('siswa/presensi/...', Array)
#5 C:\Hendri\Xampp\htdocs\ci4-presensiqr\vendor\codeigniter4\framework\system\CodeIgniter.php(824): App\Controllers\Students->absenmasuk('QW9kL0g5Tk13UnJ...')
#6 C:\Hendri\Xampp\htdocs\ci4-presensiqr\vendor\codeigniter4\framework\system\CodeIgniter.php(410): CodeIgniter\CodeIgniter->runController(Object(App\Controllers\Students))
#7 C:\Hendri\Xampp\htdocs\ci4-presensiqr\vendor\codeigniter4\framework\system\CodeIgniter.php(318): CodeIgniter\CodeIgniter->handleRequest(NULL, Object(Config\Cache), false)
#8 C:\Hendri\Xampp\htdocs\ci4-presensiqr\public\index.php(37): CodeIgniter\CodeIgniter->run()
#9 {main}
CRITICAL - 2022-07-04 20:38:11 --> Undefined property: stdClass::$kode_kelas
#0 C:\Hendri\Xampp\htdocs\ci4-presensiqr\app\Views\siswa\presensi\show-masuk.php(11): CodeIgniter\Debug\Exceptions->errorHandler(8, 'Undefined prope...', 'C:\\Hendri\\Xampp...', 11, Array)
#1 C:\Hendri\Xampp\htdocs\ci4-presensiqr\vendor\codeigniter4\framework\system\View\View.php(214): include('C:\\Hendri\\Xampp...')
#2 C:\Hendri\Xampp\htdocs\ci4-presensiqr\vendor\codeigniter4\framework\system\View\View.php(217): CodeIgniter\View\View->CodeIgniter\View\{closure}()
#3 C:\Hendri\Xampp\htdocs\ci4-presensiqr\vendor\codeigniter4\framework\system\Common.php(1097): CodeIgniter\View\View->render('siswa/presensi/...', Array, true)
#4 C:\Hendri\Xampp\htdocs\ci4-presensiqr\app\Controllers\Students.php(127): view('siswa/presensi/...', Array)
#5 C:\Hendri\Xampp\htdocs\ci4-presensiqr\vendor\codeigniter4\framework\system\CodeIgniter.php(824): App\Controllers\Students->absenmasuk('QW9kL0g5Tk13UnJ...')
#6 C:\Hendri\Xampp\htdocs\ci4-presensiqr\vendor\codeigniter4\framework\system\CodeIgniter.php(410): CodeIgniter\CodeIgniter->runController(Object(App\Controllers\Students))
#7 C:\Hendri\Xampp\htdocs\ci4-presensiqr\vendor\codeigniter4\framework\system\CodeIgniter.php(318): CodeIgniter\CodeIgniter->handleRequest(NULL, Object(Config\Cache), false)
#8 C:\Hendri\Xampp\htdocs\ci4-presensiqr\public\index.php(37): CodeIgniter\CodeIgniter->run()
#9 {main}
CRITICAL - 2022-07-04 20:41:10 --> Undefined variable: nama_kelas
#0 C:\Hendri\Xampp\htdocs\ci4-presensiqr\app\Views\siswa\presensi\show-masuk.php(11): CodeIgniter\Debug\Exceptions->errorHandler(8, 'Undefined varia...', 'C:\\Hendri\\Xampp...', 11, Array)
#1 C:\Hendri\Xampp\htdocs\ci4-presensiqr\vendor\codeigniter4\framework\system\View\View.php(214): include('C:\\Hendri\\Xampp...')
#2 C:\Hendri\Xampp\htdocs\ci4-presensiqr\vendor\codeigniter4\framework\system\View\View.php(217): CodeIgniter\View\View->CodeIgniter\View\{closure}()
#3 C:\Hendri\Xampp\htdocs\ci4-presensiqr\vendor\codeigniter4\framework\system\Common.php(1097): CodeIgniter\View\View->render('siswa/presensi/...', Array, true)
#4 C:\Hendri\Xampp\htdocs\ci4-presensiqr\app\Controllers\Students.php(127): view('siswa/presensi/...', Array)
#5 C:\Hendri\Xampp\htdocs\ci4-presensiqr\vendor\codeigniter4\framework\system\CodeIgniter.php(824): App\Controllers\Students->absenmasuk('QW9kL0g5Tk13UnJ...')
#6 C:\Hendri\Xampp\htdocs\ci4-presensiqr\vendor\codeigniter4\framework\system\CodeIgniter.php(410): CodeIgniter\CodeIgniter->runController(Object(App\Controllers\Students))
#7 C:\Hendri\Xampp\htdocs\ci4-presensiqr\vendor\codeigniter4\framework\system\CodeIgniter.php(318): CodeIgniter\CodeIgniter->handleRequest(NULL, Object(Config\Cache), false)
#8 C:\Hendri\Xampp\htdocs\ci4-presensiqr\public\index.php(37): CodeIgniter\CodeIgniter->run()
#9 {main}
CRITICAL - 2022-07-04 20:41:28 --> Undefined property: stdClass::$nama_kelas
#0 C:\Hendri\Xampp\htdocs\ci4-presensiqr\app\Views\siswa\presensi\show-masuk.php(11): CodeIgniter\Debug\Exceptions->errorHandler(8, 'Undefined prope...', 'C:\\Hendri\\Xampp...', 11, Array)
#1 C:\Hendri\Xampp\htdocs\ci4-presensiqr\vendor\codeigniter4\framework\system\View\View.php(214): include('C:\\Hendri\\Xampp...')
#2 C:\Hendri\Xampp\htdocs\ci4-presensiqr\vendor\codeigniter4\framework\system\View\View.php(217): CodeIgniter\View\View->CodeIgniter\View\{closure}()
#3 C:\Hendri\Xampp\htdocs\ci4-presensiqr\vendor\codeigniter4\framework\system\Common.php(1097): CodeIgniter\View\View->render('siswa/presensi/...', Array, true)
#4 C:\Hendri\Xampp\htdocs\ci4-presensiqr\app\Controllers\Students.php(127): view('siswa/presensi/...', Array)
#5 C:\Hendri\Xampp\htdocs\ci4-presensiqr\vendor\codeigniter4\framework\system\CodeIgniter.php(824): App\Controllers\Students->absenmasuk('QW9kL0g5Tk13UnJ...')
#6 C:\Hendri\Xampp\htdocs\ci4-presensiqr\vendor\codeigniter4\framework\system\CodeIgniter.php(410): CodeIgniter\CodeIgniter->runController(Object(App\Controllers\Students))
#7 C:\Hendri\Xampp\htdocs\ci4-presensiqr\vendor\codeigniter4\framework\system\CodeIgniter.php(318): CodeIgniter\CodeIgniter->handleRequest(NULL, Object(Config\Cache), false)
#8 C:\Hendri\Xampp\htdocs\ci4-presensiqr\public\index.php(37): CodeIgniter\CodeIgniter->run()
#9 {main}
CRITICAL - 2022-07-04 20:41:45 --> Undefined property: stdClass::$nama_kelas
#0 C:\Hendri\Xampp\htdocs\ci4-presensiqr\app\Views\siswa\presensi\show-masuk.php(11): CodeIgniter\Debug\Exceptions->errorHandler(8, 'Undefined prope...', 'C:\\Hendri\\Xampp...', 11, Array)
#1 C:\Hendri\Xampp\htdocs\ci4-presensiqr\vendor\codeigniter4\framework\system\View\View.php(214): include('C:\\Hendri\\Xampp...')
#2 C:\Hendri\Xampp\htdocs\ci4-presensiqr\vendor\codeigniter4\framework\system\View\View.php(217): CodeIgniter\View\View->CodeIgniter\View\{closure}()
#3 C:\Hendri\Xampp\htdocs\ci4-presensiqr\vendor\codeigniter4\framework\system\Common.php(1097): CodeIgniter\View\View->render('siswa/presensi/...', Array, true)
#4 C:\Hendri\Xampp\htdocs\ci4-presensiqr\app\Controllers\Students.php(127): view('siswa/presensi/...', Array)
#5 C:\Hendri\Xampp\htdocs\ci4-presensiqr\vendor\codeigniter4\framework\system\CodeIgniter.php(824): App\Controllers\Students->absenmasuk('QW9kL0g5Tk13UnJ...')
#6 C:\Hendri\Xampp\htdocs\ci4-presensiqr\vendor\codeigniter4\framework\system\CodeIgniter.php(410): CodeIgniter\CodeIgniter->runController(Object(App\Controllers\Students))
#7 C:\Hendri\Xampp\htdocs\ci4-presensiqr\vendor\codeigniter4\framework\system\CodeIgniter.php(318): CodeIgniter\CodeIgniter->handleRequest(NULL, Object(Config\Cache), false)
#8 C:\Hendri\Xampp\htdocs\ci4-presensiqr\public\index.php(37): CodeIgniter\CodeIgniter->run()
#9 {main}
CRITICAL - 2022-07-04 20:42:14 --> Undefined property: stdClass::$nama_kelas
#0 C:\Hendri\Xampp\htdocs\ci4-presensiqr\app\Views\siswa\presensi\show-masuk.php(11): CodeIgniter\Debug\Exceptions->errorHandler(8, 'Undefined prope...', 'C:\\Hendri\\Xampp...', 11, Array)
#1 C:\Hendri\Xampp\htdocs\ci4-presensiqr\vendor\codeigniter4\framework\system\View\View.php(214): include('C:\\Hendri\\Xampp...')
#2 C:\Hendri\Xampp\htdocs\ci4-presensiqr\vendor\codeigniter4\framework\system\View\View.php(217): CodeIgniter\View\View->CodeIgniter\View\{closure}()
#3 C:\Hendri\Xampp\htdocs\ci4-presensiqr\vendor\codeigniter4\framework\system\Common.php(1097): CodeIgniter\View\View->render('siswa/presensi/...', Array, true)
#4 C:\Hendri\Xampp\htdocs\ci4-presensiqr\app\Controllers\Students.php(127): view('siswa/presensi/...', Array)
#5 C:\Hendri\Xampp\htdocs\ci4-presensiqr\vendor\codeigniter4\framework\system\CodeIgniter.php(824): App\Controllers\Students->absenmasuk('QW9kL0g5Tk13UnJ...')
#6 C:\Hendri\Xampp\htdocs\ci4-presensiqr\vendor\codeigniter4\framework\system\CodeIgniter.php(410): CodeIgniter\CodeIgniter->runController(Object(App\Controllers\Students))
#7 C:\Hendri\Xampp\htdocs\ci4-presensiqr\vendor\codeigniter4\framework\system\CodeIgniter.php(318): CodeIgniter\CodeIgniter->handleRequest(NULL, Object(Config\Cache), false)
#8 C:\Hendri\Xampp\htdocs\ci4-presensiqr\public\index.php(37): CodeIgniter\CodeIgniter->run()
#9 {main}
CRITICAL - 2022-07-04 20:43:06 --> Undefined property: stdClass::$nama_kelas
#0 C:\Hendri\Xampp\htdocs\ci4-presensiqr\app\Views\siswa\presensi\show-masuk.php(11): CodeIgniter\Debug\Exceptions->errorHandler(8, 'Undefined prope...', 'C:\\Hendri\\Xampp...', 11, Array)
#1 C:\Hendri\Xampp\htdocs\ci4-presensiqr\vendor\codeigniter4\framework\system\View\View.php(214): include('C:\\Hendri\\Xampp...')
#2 C:\Hendri\Xampp\htdocs\ci4-presensiqr\vendor\codeigniter4\framework\system\View\View.php(217): CodeIgniter\View\View->CodeIgniter\View\{closure}()
#3 C:\Hendri\Xampp\htdocs\ci4-presensiqr\vendor\codeigniter4\framework\system\Common.php(1097): CodeIgniter\View\View->render('siswa/presensi/...', Array, true)
#4 C:\Hendri\Xampp\htdocs\ci4-presensiqr\app\Controllers\Students.php(127): view('siswa/presensi/...', Array)
#5 C:\Hendri\Xampp\htdocs\ci4-presensiqr\vendor\codeigniter4\framework\system\CodeIgniter.php(824): App\Controllers\Students->absenmasuk('QW9kL0g5Tk13UnJ...')
#6 C:\Hendri\Xampp\htdocs\ci4-presensiqr\vendor\codeigniter4\framework\system\CodeIgniter.php(410): CodeIgniter\CodeIgniter->runController(Object(App\Controllers\Students))
#7 C:\Hendri\Xampp\htdocs\ci4-presensiqr\vendor\codeigniter4\framework\system\CodeIgniter.php(318): CodeIgniter\CodeIgniter->handleRequest(NULL, Object(Config\Cache), false)
#8 C:\Hendri\Xampp\htdocs\ci4-presensiqr\public\index.php(37): CodeIgniter\CodeIgniter->run()
#9 {main}
CRITICAL - 2022-07-04 20:43:28 --> Undefined variable: absen_masuk
#0 C:\Hendri\Xampp\htdocs\ci4-presensiqr\app\Views\siswa\presensi\show-masuk.php(11): CodeIgniter\Debug\Exceptions->errorHandler(8, 'Undefined varia...', 'C:\\Hendri\\Xampp...', 11, Array)
#1 C:\Hendri\Xampp\htdocs\ci4-presensiqr\vendor\codeigniter4\framework\system\View\View.php(214): include('C:\\Hendri\\Xampp...')
#2 C:\Hendri\Xampp\htdocs\ci4-presensiqr\vendor\codeigniter4\framework\system\View\View.php(217): CodeIgniter\View\View->CodeIgniter\View\{closure}()
#3 C:\Hendri\Xampp\htdocs\ci4-presensiqr\vendor\codeigniter4\framework\system\Common.php(1097): CodeIgniter\View\View->render('siswa/presensi/...', Array, true)
#4 C:\Hendri\Xampp\htdocs\ci4-presensiqr\app\Controllers\Students.php(127): view('siswa/presensi/...', Array)
#5 C:\Hendri\Xampp\htdocs\ci4-presensiqr\vendor\codeigniter4\framework\system\CodeIgniter.php(824): App\Controllers\Students->absenmasuk('QW9kL0g5Tk13UnJ...')
#6 C:\Hendri\Xampp\htdocs\ci4-presensiqr\vendor\codeigniter4\framework\system\CodeIgniter.php(410): CodeIgniter\CodeIgniter->runController(Object(App\Controllers\Students))
#7 C:\Hendri\Xampp\htdocs\ci4-presensiqr\vendor\codeigniter4\framework\system\CodeIgniter.php(318): CodeIgniter\CodeIgniter->handleRequest(NULL, Object(Config\Cache), false)
#8 C:\Hendri\Xampp\htdocs\ci4-presensiqr\public\index.php(37): CodeIgniter\CodeIgniter->run()
#9 {main}
CRITICAL - 2022-07-04 20:44:11 --> Undefined index: variable
#0 C:\Hendri\Xampp\htdocs\ci4-presensiqr\app\Views\siswa\presensi\show-masuk.php(11): CodeIgniter\Debug\Exceptions->errorHandler(8, 'Undefined index...', 'C:\\Hendri\\Xampp...', 11, Array)
#1 C:\Hendri\Xampp\htdocs\ci4-presensiqr\vendor\codeigniter4\framework\system\View\View.php(214): include('C:\\Hendri\\Xampp...')
#2 C:\Hendri\Xampp\htdocs\ci4-presensiqr\vendor\codeigniter4\framework\system\View\View.php(217): CodeIgniter\View\View->CodeIgniter\View\{closure}()
#3 C:\Hendri\Xampp\htdocs\ci4-presensiqr\vendor\codeigniter4\framework\system\Common.php(1097): CodeIgniter\View\View->render('siswa/presensi/...', Array, true)
#4 C:\Hendri\Xampp\htdocs\ci4-presensiqr\app\Controllers\Students.php(127): view('siswa/presensi/...', Array)
#5 C:\Hendri\Xampp\htdocs\ci4-presensiqr\vendor\codeigniter4\framework\system\CodeIgniter.php(824): App\Controllers\Students->absenmasuk('QW9kL0g5Tk13UnJ...')
#6 C:\Hendri\Xampp\htdocs\ci4-presensiqr\vendor\codeigniter4\framework\system\CodeIgniter.php(410): CodeIgniter\CodeIgniter->runController(Object(App\Controllers\Students))
#7 C:\Hendri\Xampp\htdocs\ci4-presensiqr\vendor\codeigniter4\framework\system\CodeIgniter.php(318): CodeIgniter\CodeIgniter->handleRequest(NULL, Object(Config\Cache), false)
#8 C:\Hendri\Xampp\htdocs\ci4-presensiqr\public\index.php(37): CodeIgniter\CodeIgniter->run()
#9 {main}
CRITICAL - 2022-07-04 20:44:40 --> Undefined index: nama_siswa
#0 C:\Hendri\Xampp\htdocs\ci4-presensiqr\app\Views\siswa\presensi\show-masuk.php(11): CodeIgniter\Debug\Exceptions->errorHandler(8, 'Undefined index...', 'C:\\Hendri\\Xampp...', 11, Array)
#1 C:\Hendri\Xampp\htdocs\ci4-presensiqr\vendor\codeigniter4\framework\system\View\View.php(214): include('C:\\Hendri\\Xampp...')
#2 C:\Hendri\Xampp\htdocs\ci4-presensiqr\vendor\codeigniter4\framework\system\View\View.php(217): CodeIgniter\View\View->CodeIgniter\View\{closure}()
#3 C:\Hendri\Xampp\htdocs\ci4-presensiqr\vendor\codeigniter4\framework\system\Common.php(1097): CodeIgniter\View\View->render('siswa/presensi/...', Array, true)
#4 C:\Hendri\Xampp\htdocs\ci4-presensiqr\app\Controllers\Students.php(127): view('siswa/presensi/...', Array)
#5 C:\Hendri\Xampp\htdocs\ci4-presensiqr\vendor\codeigniter4\framework\system\CodeIgniter.php(824): App\Controllers\Students->absenmasuk('QW9kL0g5Tk13UnJ...')
#6 C:\Hendri\Xampp\htdocs\ci4-presensiqr\vendor\codeigniter4\framework\system\CodeIgniter.php(410): CodeIgniter\CodeIgniter->runController(Object(App\Controllers\Students))
#7 C:\Hendri\Xampp\htdocs\ci4-presensiqr\vendor\codeigniter4\framework\system\CodeIgniter.php(318): CodeIgniter\CodeIgniter->handleRequest(NULL, Object(Config\Cache), false)
#8 C:\Hendri\Xampp\htdocs\ci4-presensiqr\public\index.php(37): CodeIgniter\CodeIgniter->run()
#9 {main}
CRITICAL - 2022-07-04 20:44:55 --> Undefined index: nama_siswa
#0 C:\Hendri\Xampp\htdocs\ci4-presensiqr\app\Views\siswa\presensi\show-masuk.php(11): CodeIgniter\Debug\Exceptions->errorHandler(8, 'Undefined index...', 'C:\\Hendri\\Xampp...', 11, Array)
#1 C:\Hendri\Xampp\htdocs\ci4-presensiqr\vendor\codeigniter4\framework\system\View\View.php(214): include('C:\\Hendri\\Xampp...')
#2 C:\Hendri\Xampp\htdocs\ci4-presensiqr\vendor\codeigniter4\framework\system\View\View.php(217): CodeIgniter\View\View->CodeIgniter\View\{closure}()
#3 C:\Hendri\Xampp\htdocs\ci4-presensiqr\vendor\codeigniter4\framework\system\Common.php(1097): CodeIgniter\View\View->render('siswa/presensi/...', Array, true)
#4 C:\Hendri\Xampp\htdocs\ci4-presensiqr\app\Controllers\Students.php(127): view('siswa/presensi/...', Array)
#5 C:\Hendri\Xampp\htdocs\ci4-presensiqr\vendor\codeigniter4\framework\system\CodeIgniter.php(824): App\Controllers\Students->absenmasuk('QW9kL0g5Tk13UnJ...')
#6 C:\Hendri\Xampp\htdocs\ci4-presensiqr\vendor\codeigniter4\framework\system\CodeIgniter.php(410): CodeIgniter\CodeIgniter->runController(Object(App\Controllers\Students))
#7 C:\Hendri\Xampp\htdocs\ci4-presensiqr\vendor\codeigniter4\framework\system\CodeIgniter.php(318): CodeIgniter\CodeIgniter->handleRequest(NULL, Object(Config\Cache), false)
#8 C:\Hendri\Xampp\htdocs\ci4-presensiqr\public\index.php(37): CodeIgniter\CodeIgniter->run()
#9 {main}
ERROR - 2022-07-04 20:47:17 --> Column 'nama_event' cannot be null
CRITICAL - 2022-07-04 20:47:17 --> Column 'nama_event' cannot be null
#0 C:\Hendri\Xampp\htdocs\ci4-presensiqr\vendor\codeigniter4\framework\system\Database\MySQLi\Connection.php(292): mysqli->query('INSERT INTO `ev...', 0)
#1 C:\Hendri\Xampp\htdocs\ci4-presensiqr\vendor\codeigniter4\framework\system\Database\BaseConnection.php(670): CodeIgniter\Database\MySQLi\Connection->execute('INSERT INTO `ev...')
#2 C:\Hendri\Xampp\htdocs\ci4-presensiqr\vendor\codeigniter4\framework\system\Database\BaseConnection.php(598): CodeIgniter\Database\BaseConnection->simpleQuery('INSERT INTO `ev...')
#3 C:\Hendri\Xampp\htdocs\ci4-presensiqr\vendor\codeigniter4\framework\system\Database\BaseBuilder.php(1759): CodeIgniter\Database\BaseConnection->query('INSERT INTO `ev...', Array, false)
#4 C:\Hendri\Xampp\htdocs\ci4-presensiqr\vendor\codeigniter4\framework\system\Model.php(239): CodeIgniter\Database\BaseBuilder->insert()
#5 C:\Hendri\Xampp\htdocs\ci4-presensiqr\vendor\codeigniter4\framework\system\BaseModel.php(738): CodeIgniter\Model->doInsert(Array)
#6 C:\Hendri\Xampp\htdocs\ci4-presensiqr\vendor\codeigniter4\framework\system\Model.php(620): CodeIgniter\BaseModel->insert(Array, false)
#7 C:\Hendri\Xampp\htdocs\ci4-presensiqr\vendor\codeigniter4\framework\system\BaseModel.php(658): CodeIgniter\Model->insert(Array, false)
#8 C:\Hendri\Xampp\htdocs\ci4-presensiqr\app\Controllers\Admin.php(536): CodeIgniter\BaseModel->save(Array)
#9 C:\Hendri\Xampp\htdocs\ci4-presensiqr\vendor\codeigniter4\framework\system\CodeIgniter.php(824): App\Controllers\Admin->addpresensi_()
#10 C:\Hendri\Xampp\htdocs\ci4-presensiqr\vendor\codeigniter4\framework\system\CodeIgniter.php(410): CodeIgniter\CodeIgniter->runController(Object(App\Controllers\Admin))
#11 C:\Hendri\Xampp\htdocs\ci4-presensiqr\vendor\codeigniter4\framework\system\CodeIgniter.php(318): CodeIgniter\CodeIgniter->handleRequest(NULL, Object(Config\Cache), false)
#12 C:\Hendri\Xampp\htdocs\ci4-presensiqr\public\index.php(37): CodeIgniter\CodeIgniter->run()
#13 {main}
ERROR - 2022-07-04 20:47:25 --> Column 'nama_event' cannot be null
CRITICAL - 2022-07-04 20:47:25 --> Column 'nama_event' cannot be null
#0 C:\Hendri\Xampp\htdocs\ci4-presensiqr\vendor\codeigniter4\framework\system\Database\MySQLi\Connection.php(292): mysqli->query('INSERT INTO `ev...', 0)
#1 C:\Hendri\Xampp\htdocs\ci4-presensiqr\vendor\codeigniter4\framework\system\Database\BaseConnection.php(670): CodeIgniter\Database\MySQLi\Connection->execute('INSERT INTO `ev...')
#2 C:\Hendri\Xampp\htdocs\ci4-presensiqr\vendor\codeigniter4\framework\system\Database\BaseConnection.php(598): CodeIgniter\Database\BaseConnection->simpleQuery('INSERT INTO `ev...')
#3 C:\Hendri\Xampp\htdocs\ci4-presensiqr\vendor\codeigniter4\framework\system\Database\BaseBuilder.php(1759): CodeIgniter\Database\BaseConnection->query('INSERT INTO `ev...', Array, false)
#4 C:\Hendri\Xampp\htdocs\ci4-presensiqr\vendor\codeigniter4\framework\system\Model.php(239): CodeIgniter\Database\BaseBuilder->insert()
#5 C:\Hendri\Xampp\htdocs\ci4-presensiqr\vendor\codeigniter4\framework\system\BaseModel.php(738): CodeIgniter\Model->doInsert(Array)
#6 C:\Hendri\Xampp\htdocs\ci4-presensiqr\vendor\codeigniter4\framework\system\Model.php(620): CodeIgniter\BaseModel->insert(Array, false)
#7 C:\Hendri\Xampp\htdocs\ci4-presensiqr\vendor\codeigniter4\framework\system\BaseModel.php(658): CodeIgniter\Model->insert(Array, false)
#8 C:\Hendri\Xampp\htdocs\ci4-presensiqr\app\Controllers\Admin.php(536): CodeIgniter\BaseModel->save(Array)
#9 C:\Hendri\Xampp\htdocs\ci4-presensiqr\vendor\codeigniter4\framework\system\CodeIgniter.php(824): App\Controllers\Admin->addpresensi_()
#10 C:\Hendri\Xampp\htdocs\ci4-presensiqr\vendor\codeigniter4\framework\system\CodeIgniter.php(410): CodeIgniter\CodeIgniter->runController(Object(App\Controllers\Admin))
#11 C:\Hendri\Xampp\htdocs\ci4-presensiqr\vendor\codeigniter4\framework\system\CodeIgniter.php(318): CodeIgniter\CodeIgniter->handleRequest(NULL, Object(Config\Cache), false)
#12 C:\Hendri\Xampp\htdocs\ci4-presensiqr\public\index.php(37): CodeIgniter\CodeIgniter->run()
#13 {main}
ERROR - 2022-07-04 20:47:35 --> Column 'nama_event' cannot be null
CRITICAL - 2022-07-04 20:47:35 --> Column 'nama_event' cannot be null
#0 C:\Hendri\Xampp\htdocs\ci4-presensiqr\vendor\codeigniter4\framework\system\Database\MySQLi\Connection.php(292): mysqli->query('INSERT INTO `ev...', 0)
#1 C:\Hendri\Xampp\htdocs\ci4-presensiqr\vendor\codeigniter4\framework\system\Database\BaseConnection.php(670): CodeIgniter\Database\MySQLi\Connection->execute('INSERT INTO `ev...')
#2 C:\Hendri\Xampp\htdocs\ci4-presensiqr\vendor\codeigniter4\framework\system\Database\BaseConnection.php(598): CodeIgniter\Database\BaseConnection->simpleQuery('INSERT INTO `ev...')
#3 C:\Hendri\Xampp\htdocs\ci4-presensiqr\vendor\codeigniter4\framework\system\Database\BaseBuilder.php(1759): CodeIgniter\Database\BaseConnection->query('INSERT INTO `ev...', Array, false)
#4 C:\Hendri\Xampp\htdocs\ci4-presensiqr\vendor\codeigniter4\framework\system\Model.php(239): CodeIgniter\Database\BaseBuilder->insert()
#5 C:\Hendri\Xampp\htdocs\ci4-presensiqr\vendor\codeigniter4\framework\system\BaseModel.php(738): CodeIgniter\Model->doInsert(Array)
#6 C:\Hendri\Xampp\htdocs\ci4-presensiqr\vendor\codeigniter4\framework\system\Model.php(620): CodeIgniter\BaseModel->insert(Array, false)
#7 C:\Hendri\Xampp\htdocs\ci4-presensiqr\vendor\codeigniter4\framework\system\BaseModel.php(658): CodeIgniter\Model->insert(Array, false)
#8 C:\Hendri\Xampp\htdocs\ci4-presensiqr\app\Controllers\Admin.php(536): CodeIgniter\BaseModel->save(Array)
#9 C:\Hendri\Xampp\htdocs\ci4-presensiqr\vendor\codeigniter4\framework\system\CodeIgniter.php(824): App\Controllers\Admin->addpresensi_()
#10 C:\Hendri\Xampp\htdocs\ci4-presensiqr\vendor\codeigniter4\framework\system\CodeIgniter.php(410): CodeIgniter\CodeIgniter->runController(Object(App\Controllers\Admin))
#11 C:\Hendri\Xampp\htdocs\ci4-presensiqr\vendor\codeigniter4\framework\system\CodeIgniter.php(318): CodeIgniter\CodeIgniter->handleRequest(NULL, Object(Config\Cache), false)
#12 C:\Hendri\Xampp\htdocs\ci4-presensiqr\public\index.php(37): CodeIgniter\CodeIgniter->run()
#13 {main}
ERROR - 2022-07-04 20:47:40 --> Column 'nama_event' cannot be null
CRITICAL - 2022-07-04 20:47:40 --> Column 'nama_event' cannot be null
#0 C:\Hendri\Xampp\htdocs\ci4-presensiqr\vendor\codeigniter4\framework\system\Database\MySQLi\Connection.php(292): mysqli->query('INSERT INTO `ev...', 0)
#1 C:\Hendri\Xampp\htdocs\ci4-presensiqr\vendor\codeigniter4\framework\system\Database\BaseConnection.php(670): CodeIgniter\Database\MySQLi\Connection->execute('INSERT INTO `ev...')
#2 C:\Hendri\Xampp\htdocs\ci4-presensiqr\vendor\codeigniter4\framework\system\Database\BaseConnection.php(598): CodeIgniter\Database\BaseConnection->simpleQuery('INSERT INTO `ev...')
#3 C:\Hendri\Xampp\htdocs\ci4-presensiqr\vendor\codeigniter4\framework\system\Database\BaseBuilder.php(1759): CodeIgniter\Database\BaseConnection->query('INSERT INTO `ev...', Array, false)
#4 C:\Hendri\Xampp\htdocs\ci4-presensiqr\vendor\codeigniter4\framework\system\Model.php(239): CodeIgniter\Database\BaseBuilder->insert()
#5 C:\Hendri\Xampp\htdocs\ci4-presensiqr\vendor\codeigniter4\framework\system\BaseModel.php(738): CodeIgniter\Model->doInsert(Array)
#6 C:\Hendri\Xampp\htdocs\ci4-presensiqr\vendor\codeigniter4\framework\system\Model.php(620): CodeIgniter\BaseModel->insert(Array, false)
#7 C:\Hendri\Xampp\htdocs\ci4-presensiqr\vendor\codeigniter4\framework\system\BaseModel.php(658): CodeIgniter\Model->insert(Array, false)
#8 C:\Hendri\Xampp\htdocs\ci4-presensiqr\app\Controllers\Admin.php(536): CodeIgniter\BaseModel->save(Array)
#9 C:\Hendri\Xampp\htdocs\ci4-presensiqr\vendor\codeigniter4\framework\system\CodeIgniter.php(824): App\Controllers\Admin->addpresensi_()
#10 C:\Hendri\Xampp\htdocs\ci4-presensiqr\vendor\codeigniter4\framework\system\CodeIgniter.php(410): CodeIgniter\CodeIgniter->runController(Object(App\Controllers\Admin))
#11 C:\Hendri\Xampp\htdocs\ci4-presensiqr\vendor\codeigniter4\framework\system\CodeIgniter.php(318): CodeIgniter\CodeIgniter->handleRequest(NULL, Object(Config\Cache), false)
#12 C:\Hendri\Xampp\htdocs\ci4-presensiqr\public\index.php(37): CodeIgniter\CodeIgniter->run()
#13 {main}
ERROR - 2022-07-04 20:47:46 --> Column 'nama_event' cannot be null
CRITICAL - 2022-07-04 20:47:46 --> Column 'nama_event' cannot be null
#0 C:\Hendri\Xampp\htdocs\ci4-presensiqr\vendor\codeigniter4\framework\system\Database\MySQLi\Connection.php(292): mysqli->query('INSERT INTO `ev...', 0)
#1 C:\Hendri\Xampp\htdocs\ci4-presensiqr\vendor\codeigniter4\framework\system\Database\BaseConnection.php(670): CodeIgniter\Database\MySQLi\Connection->execute('INSERT INTO `ev...')
#2 C:\Hendri\Xampp\htdocs\ci4-presensiqr\vendor\codeigniter4\framework\system\Database\BaseConnection.php(598): CodeIgniter\Database\BaseConnection->simpleQuery('INSERT INTO `ev...')
#3 C:\Hendri\Xampp\htdocs\ci4-presensiqr\vendor\codeigniter4\framework\system\Database\BaseBuilder.php(1759): CodeIgniter\Database\BaseConnection->query('INSERT INTO `ev...', Array, false)
#4 C:\Hendri\Xampp\htdocs\ci4-presensiqr\vendor\codeigniter4\framework\system\Model.php(239): CodeIgniter\Database\BaseBuilder->insert()
#5 C:\Hendri\Xampp\htdocs\ci4-presensiqr\vendor\codeigniter4\framework\system\BaseModel.php(738): CodeIgniter\Model->doInsert(Array)
#6 C:\Hendri\Xampp\htdocs\ci4-presensiqr\vendor\codeigniter4\framework\system\Model.php(620): CodeIgniter\BaseModel->insert(Array, false)
#7 C:\Hendri\Xampp\htdocs\ci4-presensiqr\vendor\codeigniter4\framework\system\BaseModel.php(658): CodeIgniter\Model->insert(Array, false)
#8 C:\Hendri\Xampp\htdocs\ci4-presensiqr\app\Controllers\Admin.php(536): CodeIgniter\BaseModel->save(Array)
#9 C:\Hendri\Xampp\htdocs\ci4-presensiqr\vendor\codeigniter4\framework\system\CodeIgniter.php(824): App\Controllers\Admin->addpresensi_()
#10 C:\Hendri\Xampp\htdocs\ci4-presensiqr\vendor\codeigniter4\framework\system\CodeIgniter.php(410): CodeIgniter\CodeIgniter->runController(Object(App\Controllers\Admin))
#11 C:\Hendri\Xampp\htdocs\ci4-presensiqr\vendor\codeigniter4\framework\system\CodeIgniter.php(318): CodeIgniter\CodeIgniter->handleRequest(NULL, Object(Config\Cache), false)
#12 C:\Hendri\Xampp\htdocs\ci4-presensiqr\public\index.php(37): CodeIgniter\CodeIgniter->run()
#13 {main}
ERROR - 2022-07-04 20:48:00 --> Column 'nama_event' cannot be null
CRITICAL - 2022-07-04 20:48:00 --> Column 'nama_event' cannot be null
#0 C:\Hendri\Xampp\htdocs\ci4-presensiqr\vendor\codeigniter4\framework\system\Database\MySQLi\Connection.php(292): mysqli->query('INSERT INTO `ev...', 0)
#1 C:\Hendri\Xampp\htdocs\ci4-presensiqr\vendor\codeigniter4\framework\system\Database\BaseConnection.php(670): CodeIgniter\Database\MySQLi\Connection->execute('INSERT INTO `ev...')
#2 C:\Hendri\Xampp\htdocs\ci4-presensiqr\vendor\codeigniter4\framework\system\Database\BaseConnection.php(598): CodeIgniter\Database\BaseConnection->simpleQuery('INSERT INTO `ev...')
#3 C:\Hendri\Xampp\htdocs\ci4-presensiqr\vendor\codeigniter4\framework\system\Database\BaseBuilder.php(1759): CodeIgniter\Database\BaseConnection->query('INSERT INTO `ev...', Array, false)
#4 C:\Hendri\Xampp\htdocs\ci4-presensiqr\vendor\codeigniter4\framework\system\Model.php(239): CodeIgniter\Database\BaseBuilder->insert()
#5 C:\Hendri\Xampp\htdocs\ci4-presensiqr\vendor\codeigniter4\framework\system\BaseModel.php(738): CodeIgniter\Model->doInsert(Array)
#6 C:\Hendri\Xampp\htdocs\ci4-presensiqr\vendor\codeigniter4\framework\system\Model.php(620): CodeIgniter\BaseModel->insert(Array, false)
#7 C:\Hendri\Xampp\htdocs\ci4-presensiqr\vendor\codeigniter4\framework\system\BaseModel.php(658): CodeIgniter\Model->insert(Array, false)
#8 C:\Hendri\Xampp\htdocs\ci4-presensiqr\app\Controllers\Admin.php(536): CodeIgniter\BaseModel->save(Array)
#9 C:\Hendri\Xampp\htdocs\ci4-presensiqr\vendor\codeigniter4\framework\system\CodeIgniter.php(824): App\Controllers\Admin->addpresensi_()
#10 C:\Hendri\Xampp\htdocs\ci4-presensiqr\vendor\codeigniter4\framework\system\CodeIgniter.php(410): CodeIgniter\CodeIgniter->runController(Object(App\Controllers\Admin))
#11 C:\Hendri\Xampp\htdocs\ci4-presensiqr\vendor\codeigniter4\framework\system\CodeIgniter.php(318): CodeIgniter\CodeIgniter->handleRequest(NULL, Object(Config\Cache), false)
#12 C:\Hendri\Xampp\htdocs\ci4-presensiqr\public\index.php(37): CodeIgniter\CodeIgniter->run()
#13 {main}
ERROR - 2022-07-04 20:48:31 --> Column 'nama_event' cannot be null
CRITICAL - 2022-07-04 20:48:31 --> Column 'nama_event' cannot be null
#0 C:\Hendri\Xampp\htdocs\ci4-presensiqr\vendor\codeigniter4\framework\system\Database\MySQLi\Connection.php(292): mysqli->query('INSERT INTO `ev...', 0)
#1 C:\Hendri\Xampp\htdocs\ci4-presensiqr\vendor\codeigniter4\framework\system\Database\BaseConnection.php(670): CodeIgniter\Database\MySQLi\Connection->execute('INSERT INTO `ev...')
#2 C:\Hendri\Xampp\htdocs\ci4-presensiqr\vendor\codeigniter4\framework\system\Database\BaseConnection.php(598): CodeIgniter\Database\BaseConnection->simpleQuery('INSERT INTO `ev...')
#3 C:\Hendri\Xampp\htdocs\ci4-presensiqr\vendor\codeigniter4\framework\system\Database\BaseBuilder.php(1759): CodeIgniter\Database\BaseConnection->query('INSERT INTO `ev...', Array, false)
#4 C:\Hendri\Xampp\htdocs\ci4-presensiqr\vendor\codeigniter4\framework\system\Model.php(239): CodeIgniter\Database\BaseBuilder->insert()
#5 C:\Hendri\Xampp\htdocs\ci4-presensiqr\vendor\codeigniter4\framework\system\BaseModel.php(738): CodeIgniter\Model->doInsert(Array)
#6 C:\Hendri\Xampp\htdocs\ci4-presensiqr\vendor\codeigniter4\framework\system\Model.php(620): CodeIgniter\BaseModel->insert(Array, false)
#7 C:\Hendri\Xampp\htdocs\ci4-presensiqr\vendor\codeigniter4\framework\system\BaseModel.php(658): CodeIgniter\Model->insert(Array, false)
#8 C:\Hendri\Xampp\htdocs\ci4-presensiqr\app\Controllers\Admin.php(536): CodeIgniter\BaseModel->save(Array)
#9 C:\Hendri\Xampp\htdocs\ci4-presensiqr\vendor\codeigniter4\framework\system\CodeIgniter.php(824): App\Controllers\Admin->addpresensi_()
#10 C:\Hendri\Xampp\htdocs\ci4-presensiqr\vendor\codeigniter4\framework\system\CodeIgniter.php(410): CodeIgniter\CodeIgniter->runController(Object(App\Controllers\Admin))
#11 C:\Hendri\Xampp\htdocs\ci4-presensiqr\vendor\codeigniter4\framework\system\CodeIgniter.php(318): CodeIgniter\CodeIgniter->handleRequest(NULL, Object(Config\Cache), false)
#12 C:\Hendri\Xampp\htdocs\ci4-presensiqr\public\index.php(37): CodeIgniter\CodeIgniter->run()
#13 {main}
ERROR - 2022-07-04 20:49:15 --> Column 'nama_event' cannot be null
CRITICAL - 2022-07-04 20:49:15 --> Column 'nama_event' cannot be null
#0 C:\Hendri\Xampp\htdocs\ci4-presensiqr\vendor\codeigniter4\framework\system\Database\MySQLi\Connection.php(292): mysqli->query('INSERT INTO `ev...', 0)
#1 C:\Hendri\Xampp\htdocs\ci4-presensiqr\vendor\codeigniter4\framework\system\Database\BaseConnection.php(670): CodeIgniter\Database\MySQLi\Connection->execute('INSERT INTO `ev...')
#2 C:\Hendri\Xampp\htdocs\ci4-presensiqr\vendor\codeigniter4\framework\system\Database\BaseConnection.php(598): CodeIgniter\Database\BaseConnection->simpleQuery('INSERT INTO `ev...')
#3 C:\Hendri\Xampp\htdocs\ci4-presensiqr\vendor\codeigniter4\framework\system\Database\BaseBuilder.php(1759): CodeIgniter\Database\BaseConnection->query('INSERT INTO `ev...', Array, false)
#4 C:\Hendri\Xampp\htdocs\ci4-presensiqr\vendor\codeigniter4\framework\system\Model.php(239): CodeIgniter\Database\BaseBuilder->insert()
#5 C:\Hendri\Xampp\htdocs\ci4-presensiqr\vendor\codeigniter4\framework\system\BaseModel.php(738): CodeIgniter\Model->doInsert(Array)
#6 C:\Hendri\Xampp\htdocs\ci4-presensiqr\vendor\codeigniter4\framework\system\Model.php(620): CodeIgniter\BaseModel->insert(Array, false)
#7 C:\Hendri\Xampp\htdocs\ci4-presensiqr\vendor\codeigniter4\framework\system\BaseModel.php(658): CodeIgniter\Model->insert(Array, false)
#8 C:\Hendri\Xampp\htdocs\ci4-presensiqr\app\Controllers\Admin.php(536): CodeIgniter\BaseModel->save(Array)
#9 C:\Hendri\Xampp\htdocs\ci4-presensiqr\vendor\codeigniter4\framework\system\CodeIgniter.php(824): App\Controllers\Admin->addpresensi_()
#10 C:\Hendri\Xampp\htdocs\ci4-presensiqr\vendor\codeigniter4\framework\system\CodeIgniter.php(410): CodeIgniter\CodeIgniter->runController(Object(App\Controllers\Admin))
#11 C:\Hendri\Xampp\htdocs\ci4-presensiqr\vendor\codeigniter4\framework\system\CodeIgniter.php(318): CodeIgniter\CodeIgniter->handleRequest(NULL, Object(Config\Cache), false)
#12 C:\Hendri\Xampp\htdocs\ci4-presensiqr\public\index.php(37): CodeIgniter\CodeIgniter->run()
#13 {main}
ERROR - 2022-07-04 20:51:35 --> Column 'nama_event' cannot be null
CRITICAL - 2022-07-04 20:51:35 --> Column 'nama_event' cannot be null
#0 C:\Hendri\Xampp\htdocs\ci4-presensiqr\vendor\codeigniter4\framework\system\Database\MySQLi\Connection.php(292): mysqli->query('INSERT INTO `ev...', 0)
#1 C:\Hendri\Xampp\htdocs\ci4-presensiqr\vendor\codeigniter4\framework\system\Database\BaseConnection.php(670): CodeIgniter\Database\MySQLi\Connection->execute('INSERT INTO `ev...')
#2 C:\Hendri\Xampp\htdocs\ci4-presensiqr\vendor\codeigniter4\framework\system\Database\BaseConnection.php(598): CodeIgniter\Database\BaseConnection->simpleQuery('INSERT INTO `ev...')
#3 C:\Hendri\Xampp\htdocs\ci4-presensiqr\vendor\codeigniter4\framework\system\Database\BaseBuilder.php(1759): CodeIgniter\Database\BaseConnection->query('INSERT INTO `ev...', Array, false)
#4 C:\Hendri\Xampp\htdocs\ci4-presensiqr\vendor\codeigniter4\framework\system\Model.php(239): CodeIgniter\Database\BaseBuilder->insert()
#5 C:\Hendri\Xampp\htdocs\ci4-presensiqr\vendor\codeigniter4\framework\system\BaseModel.php(738): CodeIgniter\Model->doInsert(Array)
#6 C:\Hendri\Xampp\htdocs\ci4-presensiqr\vendor\codeigniter4\framework\system\Model.php(620): CodeIgniter\BaseModel->insert(Array, false)
#7 C:\Hendri\Xampp\htdocs\ci4-presensiqr\vendor\codeigniter4\framework\system\BaseModel.php(658): CodeIgniter\Model->insert(Array, false)
#8 C:\Hendri\Xampp\htdocs\ci4-presensiqr\app\Controllers\Admin.php(536): CodeIgniter\BaseModel->save(Array)
#9 C:\Hendri\Xampp\htdocs\ci4-presensiqr\vendor\codeigniter4\framework\system\CodeIgniter.php(824): App\Controllers\Admin->addpresensi_()
#10 C:\Hendri\Xampp\htdocs\ci4-presensiqr\vendor\codeigniter4\framework\system\CodeIgniter.php(410): CodeIgniter\CodeIgniter->runController(Object(App\Controllers\Admin))
#11 C:\Hendri\Xampp\htdocs\ci4-presensiqr\vendor\codeigniter4\framework\system\CodeIgniter.php(318): CodeIgniter\CodeIgniter->handleRequest(NULL, Object(Config\Cache), false)
#12 C:\Hendri\Xampp\htdocs\ci4-presensiqr\public\index.php(37): CodeIgniter\CodeIgniter->run()
#13 {main}
ERROR - 2022-07-04 20:52:00 --> Column 'nama_event' cannot be null
CRITICAL - 2022-07-04 20:52:00 --> Column 'nama_event' cannot be null
#0 C:\Hendri\Xampp\htdocs\ci4-presensiqr\vendor\codeigniter4\framework\system\Database\MySQLi\Connection.php(292): mysqli->query('INSERT INTO `ev...', 0)
#1 C:\Hendri\Xampp\htdocs\ci4-presensiqr\vendor\codeigniter4\framework\system\Database\BaseConnection.php(670): CodeIgniter\Database\MySQLi\Connection->execute('INSERT INTO `ev...')
#2 C:\Hendri\Xampp\htdocs\ci4-presensiqr\vendor\codeigniter4\framework\system\Database\BaseConnection.php(598): CodeIgniter\Database\BaseConnection->simpleQuery('INSERT INTO `ev...')
#3 C:\Hendri\Xampp\htdocs\ci4-presensiqr\vendor\codeigniter4\framework\system\Database\BaseBuilder.php(1759): CodeIgniter\Database\BaseConnection->query('INSERT INTO `ev...', Array, false)
#4 C:\Hendri\Xampp\htdocs\ci4-presensiqr\vendor\codeigniter4\framework\system\Model.php(239): CodeIgniter\Database\BaseBuilder->insert()
#5 C:\Hendri\Xampp\htdocs\ci4-presensiqr\vendor\codeigniter4\framework\system\BaseModel.php(738): CodeIgniter\Model->doInsert(Array)
#6 C:\Hendri\Xampp\htdocs\ci4-presensiqr\vendor\codeigniter4\framework\system\Model.php(620): CodeIgniter\BaseModel->insert(Array, false)
#7 C:\Hendri\Xampp\htdocs\ci4-presensiqr\vendor\codeigniter4\framework\system\BaseModel.php(658): CodeIgniter\Model->insert(Array, false)
#8 C:\Hendri\Xampp\htdocs\ci4-presensiqr\app\Controllers\Admin.php(536): CodeIgniter\BaseModel->save(Array)
#9 C:\Hendri\Xampp\htdocs\ci4-presensiqr\vendor\codeigniter4\framework\system\CodeIgniter.php(824): App\Controllers\Admin->addpresensi_()
#10 C:\Hendri\Xampp\htdocs\ci4-presensiqr\vendor\codeigniter4\framework\system\CodeIgniter.php(410): CodeIgniter\CodeIgniter->runController(Object(App\Controllers\Admin))
#11 C:\Hendri\Xampp\htdocs\ci4-presensiqr\vendor\codeigniter4\framework\system\CodeIgniter.php(318): CodeIgniter\CodeIgniter->handleRequest(NULL, Object(Config\Cache), false)
#12 C:\Hendri\Xampp\htdocs\ci4-presensiqr\public\index.php(37): CodeIgniter\CodeIgniter->run()
#13 {main}
CRITICAL - 2022-07-04 21:08:33 --> Undefined variable: kelas
#0 C:\Hendri\Xampp\htdocs\ci4-presensiqr\app\Views\admin\presensi\index.php(48): CodeIgniter\Debug\Exceptions->errorHandler(8, 'Undefined varia...', 'C:\\Hendri\\Xampp...', 48, Array)
#1 C:\Hendri\Xampp\htdocs\ci4-presensiqr\vendor\codeigniter4\framework\system\View\View.php(214): include('C:\\Hendri\\Xampp...')
#2 C:\Hendri\Xampp\htdocs\ci4-presensiqr\vendor\codeigniter4\framework\system\View\View.php(217): CodeIgniter\View\View->CodeIgniter\View\{closure}()
#3 C:\Hendri\Xampp\htdocs\ci4-presensiqr\vendor\codeigniter4\framework\system\Common.php(1097): CodeIgniter\View\View->render('admin/presensi/...', Array, true)
#4 C:\Hendri\Xampp\htdocs\ci4-presensiqr\app\Controllers\Admin.php(512): view('admin/presensi/...', Array)
#5 C:\Hendri\Xampp\htdocs\ci4-presensiqr\vendor\codeigniter4\framework\system\CodeIgniter.php(824): App\Controllers\Admin->presensi()
#6 C:\Hendri\Xampp\htdocs\ci4-presensiqr\vendor\codeigniter4\framework\system\CodeIgniter.php(410): CodeIgniter\CodeIgniter->runController(Object(App\Controllers\Admin))
#7 C:\Hendri\Xampp\htdocs\ci4-presensiqr\vendor\codeigniter4\framework\system\CodeIgniter.php(318): CodeIgniter\CodeIgniter->handleRequest(NULL, Object(Config\Cache), false)
#8 C:\Hendri\Xampp\htdocs\ci4-presensiqr\public\index.php(37): CodeIgniter\CodeIgniter->run()
#9 {main}
CRITICAL - 2022-07-04 21:08:45 --> Undefined property: stdClass::$kode_kelas
#0 C:\Hendri\Xampp\htdocs\ci4-presensiqr\app\Views\admin\presensi\index.php(48): CodeIgniter\Debug\Exceptions->errorHandler(8, 'Undefined prope...', 'C:\\Hendri\\Xampp...', 48, Array)
#1 C:\Hendri\Xampp\htdocs\ci4-presensiqr\vendor\codeigniter4\framework\system\View\View.php(214): include('C:\\Hendri\\Xampp...')
#2 C:\Hendri\Xampp\htdocs\ci4-presensiqr\vendor\codeigniter4\framework\system\View\View.php(217): CodeIgniter\View\View->CodeIgniter\View\{closure}()
#3 C:\Hendri\Xampp\htdocs\ci4-presensiqr\vendor\codeigniter4\framework\system\Common.php(1097): CodeIgniter\View\View->render('admin/presensi/...', Array, true)
#4 C:\Hendri\Xampp\htdocs\ci4-presensiqr\app\Controllers\Admin.php(512): view('admin/presensi/...', Array)
#5 C:\Hendri\Xampp\htdocs\ci4-presensiqr\vendor\codeigniter4\framework\system\CodeIgniter.php(824): App\Controllers\Admin->presensi()
#6 C:\Hendri\Xampp\htdocs\ci4-presensiqr\vendor\codeigniter4\framework\system\CodeIgniter.php(410): CodeIgniter\CodeIgniter->runController(Object(App\Controllers\Admin))
#7 C:\Hendri\Xampp\htdocs\ci4-presensiqr\vendor\codeigniter4\framework\system\CodeIgniter.php(318): CodeIgniter\CodeIgniter->handleRequest(NULL, Object(Config\Cache), false)
#8 C:\Hendri\Xampp\htdocs\ci4-presensiqr\public\index.php(37): CodeIgniter\CodeIgniter->run()
#9 {main}
CRITICAL - 2022-07-04 21:09:28 --> Undefined variable: kelas_list
#0 C:\Hendri\Xampp\htdocs\ci4-presensiqr\app\Views\admin\presensi\index.php(48): CodeIgniter\Debug\Exceptions->errorHandler(8, 'Undefined varia...', 'C:\\Hendri\\Xampp...', 48, Array)
#1 C:\Hendri\Xampp\htdocs\ci4-presensiqr\vendor\codeigniter4\framework\system\View\View.php(214): include('C:\\Hendri\\Xampp...')
#2 C:\Hendri\Xampp\htdocs\ci4-presensiqr\vendor\codeigniter4\framework\system\View\View.php(217): CodeIgniter\View\View->CodeIgniter\View\{closure}()
#3 C:\Hendri\Xampp\htdocs\ci4-presensiqr\vendor\codeigniter4\framework\system\Common.php(1097): CodeIgniter\View\View->render('admin/presensi/...', Array, true)
#4 C:\Hendri\Xampp\htdocs\ci4-presensiqr\app\Controllers\Admin.php(512): view('admin/presensi/...', Array)
#5 C:\Hendri\Xampp\htdocs\ci4-presensiqr\vendor\codeigniter4\framework\system\CodeIgniter.php(824): App\Controllers\Admin->presensi()
#6 C:\Hendri\Xampp\htdocs\ci4-presensiqr\vendor\codeigniter4\framework\system\CodeIgniter.php(410): CodeIgniter\CodeIgniter->runController(Object(App\Controllers\Admin))
#7 C:\Hendri\Xampp\htdocs\ci4-presensiqr\vendor\codeigniter4\framework\system\CodeIgniter.php(318): CodeIgniter\CodeIgniter->handleRequest(NULL, Object(Config\Cache), false)
#8 C:\Hendri\Xampp\htdocs\ci4-presensiqr\public\index.php(37): CodeIgniter\CodeIgniter->run()
#9 {main}
CRITICAL - 2022-07-04 21:09:42 --> Undefined property: stdClass::$kode_event
#0 C:\Hendri\Xampp\htdocs\ci4-presensiqr\app\Views\admin\presensi\index.php(48): CodeIgniter\Debug\Exceptions->errorHandler(8, 'Undefined prope...', 'C:\\Hendri\\Xampp...', 48, Array)
#1 C:\Hendri\Xampp\htdocs\ci4-presensiqr\vendor\codeigniter4\framework\system\View\View.php(214): include('C:\\Hendri\\Xampp...')
#2 C:\Hendri\Xampp\htdocs\ci4-presensiqr\vendor\codeigniter4\framework\system\View\View.php(217): CodeIgniter\View\View->CodeIgniter\View\{closure}()
#3 C:\Hendri\Xampp\htdocs\ci4-presensiqr\vendor\codeigniter4\framework\system\Common.php(1097): CodeIgniter\View\View->render('admin/presensi/...', Array, true)
#4 C:\Hendri\Xampp\htdocs\ci4-presensiqr\app\Controllers\Admin.php(512): view('admin/presensi/...', Array)
#5 C:\Hendri\Xampp\htdocs\ci4-presensiqr\vendor\codeigniter4\framework\system\CodeIgniter.php(824): App\Controllers\Admin->presensi()
#6 C:\Hendri\Xampp\htdocs\ci4-presensiqr\vendor\codeigniter4\framework\system\CodeIgniter.php(410): CodeIgniter\CodeIgniter->runController(Object(App\Controllers\Admin))
#7 C:\Hendri\Xampp\htdocs\ci4-presensiqr\vendor\codeigniter4\framework\system\CodeIgniter.php(318): CodeIgniter\CodeIgniter->handleRequest(NULL, Object(Config\Cache), false)
#8 C:\Hendri\Xampp\htdocs\ci4-presensiqr\public\index.php(37): CodeIgniter\CodeIgniter->run()
#9 {main}
CRITICAL - 2022-07-04 21:10:09 --> Undefined property: stdClass::$kode_event
#0 C:\Hendri\Xampp\htdocs\ci4-presensiqr\app\Views\admin\presensi\index.php(48): CodeIgniter\Debug\Exceptions->errorHandler(8, 'Undefined prope...', 'C:\\Hendri\\Xampp...', 48, Array)
#1 C:\Hendri\Xampp\htdocs\ci4-presensiqr\vendor\codeigniter4\framework\system\View\View.php(214): include('C:\\Hendri\\Xampp...')
#2 C:\Hendri\Xampp\htdocs\ci4-presensiqr\vendor\codeigniter4\framework\system\View\View.php(217): CodeIgniter\View\View->CodeIgniter\View\{closure}()
#3 C:\Hendri\Xampp\htdocs\ci4-presensiqr\vendor\codeigniter4\framework\system\Common.php(1097): CodeIgniter\View\View->render('admin/presensi/...', Array, true)
#4 C:\Hendri\Xampp\htdocs\ci4-presensiqr\app\Controllers\Admin.php(512): view('admin/presensi/...', Array)
#5 C:\Hendri\Xampp\htdocs\ci4-presensiqr\vendor\codeigniter4\framework\system\CodeIgniter.php(824): App\Controllers\Admin->presensi()
#6 C:\Hendri\Xampp\htdocs\ci4-presensiqr\vendor\codeigniter4\framework\system\CodeIgniter.php(410): CodeIgniter\CodeIgniter->runController(Object(App\Controllers\Admin))
#7 C:\Hendri\Xampp\htdocs\ci4-presensiqr\vendor\codeigniter4\framework\system\CodeIgniter.php(318): CodeIgniter\CodeIgniter->handleRequest(NULL, Object(Config\Cache), false)
#8 C:\Hendri\Xampp\htdocs\ci4-presensiqr\public\index.php(37): CodeIgniter\CodeIgniter->run()
#9 {main}
ERROR - 2022-07-04 21:37:50 --> You have an error in your SQL syntax; check the manual that corresponds to your MariaDB server version for the right syntax to use near 'absen WHERE no_event = 'QR-003')' at line 1
CRITICAL - 2022-07-04 21:37:50 --> You have an error in your SQL syntax; check the manual that corresponds to your MariaDB server version for the right syntax to use near 'absen WHERE no_event = 'QR-003')' at line 1
#0 C:\Hendri\Xampp\htdocs\ci4-presensiqr\vendor\codeigniter4\framework\system\Database\MySQLi\Connection.php(292): mysqli->query('SELECT * FROM s...', 0)
#1 C:\Hendri\Xampp\htdocs\ci4-presensiqr\vendor\codeigniter4\framework\system\Database\BaseConnection.php(670): CodeIgniter\Database\MySQLi\Connection->execute('SELECT * FROM s...')
#2 C:\Hendri\Xampp\htdocs\ci4-presensiqr\vendor\codeigniter4\framework\system\Database\BaseConnection.php(598): CodeIgniter\Database\BaseConnection->simpleQuery('SELECT * FROM s...')
#3 C:\Hendri\Xampp\htdocs\ci4-presensiqr\app\Controllers\File.php(215): CodeIgniter\Database\BaseConnection->query('SELECT * FROM s...')
#4 C:\Hendri\Xampp\htdocs\ci4-presensiqr\vendor\codeigniter4\framework\system\CodeIgniter.php(824): App\Controllers\File->absensi('Qis4WXBvVFdubjN...')
#5 C:\Hendri\Xampp\htdocs\ci4-presensiqr\vendor\codeigniter4\framework\system\CodeIgniter.php(410): CodeIgniter\CodeIgniter->runController(Object(App\Controllers\File))
#6 C:\Hendri\Xampp\htdocs\ci4-presensiqr\vendor\codeigniter4\framework\system\CodeIgniter.php(318): CodeIgniter\CodeIgniter->handleRequest(NULL, Object(Config\Cache), false)
#7 C:\Hendri\Xampp\htdocs\ci4-presensiqr\public\index.php(37): CodeIgniter\CodeIgniter->run()
#8 {main}
CRITICAL - 2022-07-04 21:38:43 --> Undefined property: stdClass::$kode_kelas
#0 C:\Hendri\Xampp\htdocs\ci4-presensiqr\app\Controllers\File.php(223): CodeIgniter\Debug\Exceptions->errorHandler(8, 'Undefined prope...', 'C:\\Hendri\\Xampp...', 223, Array)
#1 C:\Hendri\Xampp\htdocs\ci4-presensiqr\vendor\codeigniter4\framework\system\CodeIgniter.php(824): App\Controllers\File->absensi('Qis4WXBvVFdubjN...')
#2 C:\Hendri\Xampp\htdocs\ci4-presensiqr\vendor\codeigniter4\framework\system\CodeIgniter.php(410): CodeIgniter\CodeIgniter->runController(Object(App\Controllers\File))
#3 C:\Hendri\Xampp\htdocs\ci4-presensiqr\vendor\codeigniter4\framework\system\CodeIgniter.php(318): CodeIgniter\CodeIgniter->handleRequest(NULL, Object(Config\Cache), false)
#4 C:\Hendri\Xampp\htdocs\ci4-presensiqr\public\index.php(37): CodeIgniter\CodeIgniter->run()
#5 {main}
CRITICAL - 2022-07-04 21:44:04 --> Undefined variable: kelas_siswa
#0 C:\Hendri\Xampp\htdocs\ci4-presensiqr\app\Controllers\File.php(215): CodeIgniter\Debug\Exceptions->errorHandler(8, 'Undefined varia...', 'C:\\Hendri\\Xampp...', 215, Array)
#1 C:\Hendri\Xampp\htdocs\ci4-presensiqr\vendor\codeigniter4\framework\system\CodeIgniter.php(824): App\Controllers\File->absensi('Qis4WXBvVFdubjN...')
#2 C:\Hendri\Xampp\htdocs\ci4-presensiqr\vendor\codeigniter4\framework\system\CodeIgniter.php(410): CodeIgniter\CodeIgniter->runController(Object(App\Controllers\File))
#3 C:\Hendri\Xampp\htdocs\ci4-presensiqr\vendor\codeigniter4\framework\system\CodeIgniter.php(318): CodeIgniter\CodeIgniter->handleRequest(NULL, Object(Config\Cache), false)
#4 C:\Hendri\Xampp\htdocs\ci4-presensiqr\public\index.php(37): CodeIgniter\CodeIgniter->run()
#5 {main}
CRITICAL - 2022-07-04 21:44:17 --> Undefined variable: kelas_siswa
#0 C:\Hendri\Xampp\htdocs\ci4-presensiqr\app\Controllers\File.php(215): CodeIgniter\Debug\Exceptions->errorHandler(8, 'Undefined varia...', 'C:\\Hendri\\Xampp...', 215, Array)
#1 C:\Hendri\Xampp\htdocs\ci4-presensiqr\vendor\codeigniter4\framework\system\CodeIgniter.php(824): App\Controllers\File->absensi('Qis4WXBvVFdubjN...')
#2 C:\Hendri\Xampp\htdocs\ci4-presensiqr\vendor\codeigniter4\framework\system\CodeIgniter.php(410): CodeIgniter\CodeIgniter->runController(Object(App\Controllers\File))
#3 C:\Hendri\Xampp\htdocs\ci4-presensiqr\vendor\codeigniter4\framework\system\CodeIgniter.php(318): CodeIgniter\CodeIgniter->handleRequest(NULL, Object(Config\Cache), false)
#4 C:\Hendri\Xampp\htdocs\ci4-presensiqr\public\index.php(37): CodeIgniter\CodeIgniter->run()
#5 {main}
CRITICAL - 2022-07-04 21:45:03 --> Undefined variable: nama_kelas
#0 C:\Hendri\Xampp\htdocs\ci4-presensiqr\app\Controllers\File.php(215): CodeIgniter\Debug\Exceptions->errorHandler(8, 'Undefined varia...', 'C:\\Hendri\\Xampp...', 215, Array)
#1 C:\Hendri\Xampp\htdocs\ci4-presensiqr\vendor\codeigniter4\framework\system\CodeIgniter.php(824): App\Controllers\File->absensi('Qis4WXBvVFdubjN...')
#2 C:\Hendri\Xampp\htdocs\ci4-presensiqr\vendor\codeigniter4\framework\system\CodeIgniter.php(410): CodeIgniter\CodeIgniter->runController(Object(App\Controllers\File))
#3 C:\Hendri\Xampp\htdocs\ci4-presensiqr\vendor\codeigniter4\framework\system\CodeIgniter.php(318): CodeIgniter\CodeIgniter->handleRequest(NULL, Object(Config\Cache), false)
#4 C:\Hendri\Xampp\htdocs\ci4-presensiqr\public\index.php(37): CodeIgniter\CodeIgniter->run()
#5 {main}
CRITICAL - 2022-07-04 21:50:08 --> Array to string conversion
#0 C:\Hendri\Xampp\htdocs\ci4-presensiqr\app\Controllers\File.php(215): CodeIgniter\Debug\Exceptions->errorHandler(8, 'Array to string...', 'C:\\Hendri\\Xampp...', 215, Array)
#1 C:\Hendri\Xampp\htdocs\ci4-presensiqr\vendor\codeigniter4\framework\system\CodeIgniter.php(824): App\Controllers\File->absensi('Qis4WXBvVFdubjN...')
#2 C:\Hendri\Xampp\htdocs\ci4-presensiqr\vendor\codeigniter4\framework\system\CodeIgniter.php(410): CodeIgniter\CodeIgniter->runController(Object(App\Controllers\File))
#3 C:\Hendri\Xampp\htdocs\ci4-presensiqr\vendor\codeigniter4\framework\system\CodeIgniter.php(318): CodeIgniter\CodeIgniter->handleRequest(NULL, Object(Config\Cache), false)
#4 C:\Hendri\Xampp\htdocs\ci4-presensiqr\public\index.php(37): CodeIgniter\CodeIgniter->run()
#5 {main}
CRITICAL - 2022-07-04 21:51:08 --> Undefined variable: kelas_siswa
#0 C:\Hendri\Xampp\htdocs\ci4-presensiqr\app\Controllers\File.php(216): CodeIgniter\Debug\Exceptions->errorHandler(8, 'Undefined varia...', 'C:\\Hendri\\Xampp...', 216, Array)
#1 C:\Hendri\Xampp\htdocs\ci4-presensiqr\vendor\codeigniter4\framework\system\CodeIgniter.php(824): App\Controllers\File->absensi('Qis4WXBvVFdubjN...')
#2 C:\Hendri\Xampp\htdocs\ci4-presensiqr\vendor\codeigniter4\framework\system\CodeIgniter.php(410): CodeIgniter\CodeIgniter->runController(Object(App\Controllers\File))
#3 C:\Hendri\Xampp\htdocs\ci4-presensiqr\vendor\codeigniter4\framework\system\CodeIgniter.php(318): CodeIgniter\CodeIgniter->handleRequest(NULL, Object(Config\Cache), false)
#4 C:\Hendri\Xampp\htdocs\ci4-presensiqr\public\index.php(37): CodeIgniter\CodeIgniter->run()
#5 {main}
CRITICAL - 2022-07-04 21:55:23 --> Invalid argument supplied for foreach()
#0 C:\Hendri\Xampp\htdocs\ci4-presensiqr\app\Controllers\Admin.php(245): CodeIgniter\Debug\Exceptions->errorHandler(2, 'Invalid argumen...', 'C:\\Hendri\\Xampp...', 245, Array)
#1 C:\Hendri\Xampp\htdocs\ci4-presensiqr\vendor\codeigniter4\framework\system\CodeIgniter.php(824): App\Controllers\Admin->addclass_()
#2 C:\Hendri\Xampp\htdocs\ci4-presensiqr\vendor\codeigniter4\framework\system\CodeIgniter.php(410): CodeIgniter\CodeIgniter->runController(Object(App\Controllers\Admin))
#3 C:\Hendri\Xampp\htdocs\ci4-presensiqr\vendor\codeigniter4\framework\system\CodeIgniter.php(318): CodeIgniter\CodeIgniter->handleRequest(NULL, Object(Config\Cache), false)
#4 C:\Hendri\Xampp\htdocs\ci4-presensiqr\public\index.php(37): CodeIgniter\CodeIgniter->run()
#5 {main}
CRITICAL - 2022-07-04 21:55:35 --> Invalid argument supplied for foreach()
#0 C:\Hendri\Xampp\htdocs\ci4-presensiqr\app\Controllers\Admin.php(245): CodeIgniter\Debug\Exceptions->errorHandler(2, 'Invalid argumen...', 'C:\\Hendri\\Xampp...', 245, Array)
#1 C:\Hendri\Xampp\htdocs\ci4-presensiqr\vendor\codeigniter4\framework\system\CodeIgniter.php(824): App\Controllers\Admin->addclass_()
#2 C:\Hendri\Xampp\htdocs\ci4-presensiqr\vendor\codeigniter4\framework\system\CodeIgniter.php(410): CodeIgniter\CodeIgniter->runController(Object(App\Controllers\Admin))
#3 C:\Hendri\Xampp\htdocs\ci4-presensiqr\vendor\codeigniter4\framework\system\CodeIgniter.php(318): CodeIgniter\CodeIgniter->handleRequest(NULL, Object(Config\Cache), false)
#4 C:\Hendri\Xampp\htdocs\ci4-presensiqr\public\index.php(37): CodeIgniter\CodeIgniter->run()
#5 {main}
CRITICAL - 2022-07-04 21:57:26 --> Invalid argument supplied for foreach()
#0 C:\Hendri\Xampp\htdocs\ci4-presensiqr\app\Controllers\Admin.php(245): CodeIgniter\Debug\Exceptions->errorHandler(2, 'Invalid argumen...', 'C:\\Hendri\\Xampp...', 245, Array)
#1 C:\Hendri\Xampp\htdocs\ci4-presensiqr\vendor\codeigniter4\framework\system\CodeIgniter.php(824): App\Controllers\Admin->addclass_()
#2 C:\Hendri\Xampp\htdocs\ci4-presensiqr\vendor\codeigniter4\framework\system\CodeIgniter.php(410): CodeIgniter\CodeIgniter->runController(Object(App\Controllers\Admin))
#3 C:\Hendri\Xampp\htdocs\ci4-presensiqr\vendor\codeigniter4\framework\system\CodeIgniter.php(318): CodeIgniter\CodeIgniter->handleRequest(NULL, Object(Config\Cache), false)
#4 C:\Hendri\Xampp\htdocs\ci4-presensiqr\public\index.php(37): CodeIgniter\CodeIgniter->run()
#5 {main}
CRITICAL - 2022-07-04 22:00:24 --> Invalid argument supplied for foreach()
#0 C:\Hendri\Xampp\htdocs\ci4-presensiqr\app\Controllers\Admin.php(245): CodeIgniter\Debug\Exceptions->errorHandler(2, 'Invalid argumen...', 'C:\\Hendri\\Xampp...', 245, Array)
#1 C:\Hendri\Xampp\htdocs\ci4-presensiqr\vendor\codeigniter4\framework\system\CodeIgniter.php(824): App\Controllers\Admin->addclass_()
#2 C:\Hendri\Xampp\htdocs\ci4-presensiqr\vendor\codeigniter4\framework\system\CodeIgniter.php(410): CodeIgniter\CodeIgniter->runController(Object(App\Controllers\Admin))
#3 C:\Hendri\Xampp\htdocs\ci4-presensiqr\vendor\codeigniter4\framework\system\CodeIgniter.php(318): CodeIgniter\CodeIgniter->handleRequest(NULL, Object(Config\Cache), false)
#4 C:\Hendri\Xampp\htdocs\ci4-presensiqr\public\index.php(37): CodeIgniter\CodeIgniter->run()
#5 {main}
CRITICAL - 2022-07-04 22:01:16 --> Invalid argument supplied for foreach()
#0 C:\Hendri\Xampp\htdocs\ci4-presensiqr\app\Controllers\Admin.php(245): CodeIgniter\Debug\Exceptions->errorHandler(2, 'Invalid argumen...', 'C:\\Hendri\\Xampp...', 245, Array)
#1 C:\Hendri\Xampp\htdocs\ci4-presensiqr\vendor\codeigniter4\framework\system\CodeIgniter.php(824): App\Controllers\Admin->addclass_()
#2 C:\Hendri\Xampp\htdocs\ci4-presensiqr\vendor\codeigniter4\framework\system\CodeIgniter.php(410): CodeIgniter\CodeIgniter->runController(Object(App\Controllers\Admin))
#3 C:\Hendri\Xampp\htdocs\ci4-presensiqr\vendor\codeigniter4\framework\system\CodeIgniter.php(318): CodeIgniter\CodeIgniter->handleRequest(NULL, Object(Config\Cache), false)
#4 C:\Hendri\Xampp\htdocs\ci4-presensiqr\public\index.php(37): CodeIgniter\CodeIgniter->run()
#5 {main}
CRITICAL - 2022-07-04 22:01:26 --> Invalid argument supplied for foreach()
#0 C:\Hendri\Xampp\htdocs\ci4-presensiqr\app\Controllers\Admin.php(245): CodeIgniter\Debug\Exceptions->errorHandler(2, 'Invalid argumen...', 'C:\\Hendri\\Xampp...', 245, Array)
#1 C:\Hendri\Xampp\htdocs\ci4-presensiqr\vendor\codeigniter4\framework\system\CodeIgniter.php(824): App\Controllers\Admin->addclass_()
#2 C:\Hendri\Xampp\htdocs\ci4-presensiqr\vendor\codeigniter4\framework\system\CodeIgniter.php(410): CodeIgniter\CodeIgniter->runController(Object(App\Controllers\Admin))
#3 C:\Hendri\Xampp\htdocs\ci4-presensiqr\vendor\codeigniter4\framework\system\CodeIgniter.php(318): CodeIgniter\CodeIgniter->handleRequest(NULL, Object(Config\Cache), false)
#4 C:\Hendri\Xampp\htdocs\ci4-presensiqr\public\index.php(37): CodeIgniter\CodeIgniter->run()
#5 {main}
CRITICAL - 2022-07-04 22:01:47 --> Invalid argument supplied for foreach()
#0 C:\Hendri\Xampp\htdocs\ci4-presensiqr\app\Controllers\Admin.php(245): CodeIgniter\Debug\Exceptions->errorHandler(2, 'Invalid argumen...', 'C:\\Hendri\\Xampp...', 245, Array)
#1 C:\Hendri\Xampp\htdocs\ci4-presensiqr\vendor\codeigniter4\framework\system\CodeIgniter.php(824): App\Controllers\Admin->addclass_()
#2 C:\Hendri\Xampp\htdocs\ci4-presensiqr\vendor\codeigniter4\framework\system\CodeIgniter.php(410): CodeIgniter\CodeIgniter->runController(Object(App\Controllers\Admin))
#3 C:\Hendri\Xampp\htdocs\ci4-presensiqr\vendor\codeigniter4\framework\system\CodeIgniter.php(318): CodeIgniter\CodeIgniter->handleRequest(NULL, Object(Config\Cache), false)
#4 C:\Hendri\Xampp\htdocs\ci4-presensiqr\public\index.php(37): CodeIgniter\CodeIgniter->run()
#5 {main}
CRITICAL - 2022-07-04 22:02:22 --> Undefined variable: kode_pos
#0 C:\Hendri\Xampp\htdocs\ci4-presensiqr\app\Controllers\Admin.php(245): CodeIgniter\Debug\Exceptions->errorHandler(8, 'Undefined varia...', 'C:\\Hendri\\Xampp...', 245, Array)
#1 C:\Hendri\Xampp\htdocs\ci4-presensiqr\vendor\codeigniter4\framework\system\CodeIgniter.php(824): App\Controllers\Admin->addclass_()
#2 C:\Hendri\Xampp\htdocs\ci4-presensiqr\vendor\codeigniter4\framework\system\CodeIgniter.php(410): CodeIgniter\CodeIgniter->runController(Object(App\Controllers\Admin))
#3 C:\Hendri\Xampp\htdocs\ci4-presensiqr\vendor\codeigniter4\framework\system\CodeIgniter.php(318): CodeIgniter\CodeIgniter->handleRequest(NULL, Object(Config\Cache), false)
#4 C:\Hendri\Xampp\htdocs\ci4-presensiqr\public\index.php(37): CodeIgniter\CodeIgniter->run()
#5 {main}
CRITICAL - 2022-07-04 22:03:00 --> Invalid argument supplied for foreach()
#0 C:\Hendri\Xampp\htdocs\ci4-presensiqr\app\Controllers\Admin.php(245): CodeIgniter\Debug\Exceptions->errorHandler(2, 'Invalid argumen...', 'C:\\Hendri\\Xampp...', 245, Array)
#1 C:\Hendri\Xampp\htdocs\ci4-presensiqr\vendor\codeigniter4\framework\system\CodeIgniter.php(824): App\Controllers\Admin->addclass_()
#2 C:\Hendri\Xampp\htdocs\ci4-presensiqr\vendor\codeigniter4\framework\system\CodeIgniter.php(410): CodeIgniter\CodeIgniter->runController(Object(App\Controllers\Admin))
#3 C:\Hendri\Xampp\htdocs\ci4-presensiqr\vendor\codeigniter4\framework\system\CodeIgniter.php(318): CodeIgniter\CodeIgniter->handleRequest(NULL, Object(Config\Cache), false)
#4 C:\Hendri\Xampp\htdocs\ci4-presensiqr\public\index.php(37): CodeIgniter\CodeIgniter->run()
#5 {main}
CRITICAL - 2022-07-04 22:03:06 --> Undefined variable: kode_pos
#0 C:\Hendri\Xampp\htdocs\ci4-presensiqr\app\Controllers\Admin.php(245): CodeIgniter\Debug\Exceptions->errorHandler(8, 'Undefined varia...', 'C:\\Hendri\\Xampp...', 245, Array)
#1 C:\Hendri\Xampp\htdocs\ci4-presensiqr\vendor\codeigniter4\framework\system\CodeIgniter.php(824): App\Controllers\Admin->addclass_()
#2 C:\Hendri\Xampp\htdocs\ci4-presensiqr\vendor\codeigniter4\framework\system\CodeIgniter.php(410): CodeIgniter\CodeIgniter->runController(Object(App\Controllers\Admin))
#3 C:\Hendri\Xampp\htdocs\ci4-presensiqr\vendor\codeigniter4\framework\system\CodeIgniter.php(318): CodeIgniter\CodeIgniter->handleRequest(NULL, Object(Config\Cache), false)
#4 C:\Hendri\Xampp\htdocs\ci4-presensiqr\public\index.php(37): CodeIgniter\CodeIgniter->run()
#5 {main}
CRITICAL - 2022-07-04 22:03:27 --> Undefined variable: kode_pos
#0 C:\Hendri\Xampp\htdocs\ci4-presensiqr\app\Controllers\Admin.php(245): CodeIgniter\Debug\Exceptions->errorHandler(8, 'Undefined varia...', 'C:\\Hendri\\Xampp...', 245, Array)
#1 C:\Hendri\Xampp\htdocs\ci4-presensiqr\vendor\codeigniter4\framework\system\CodeIgniter.php(824): App\Controllers\Admin->addclass_()
#2 C:\Hendri\Xampp\htdocs\ci4-presensiqr\vendor\codeigniter4\framework\system\CodeIgniter.php(410): CodeIgniter\CodeIgniter->runController(Object(App\Controllers\Admin))
#3 C:\Hendri\Xampp\htdocs\ci4-presensiqr\vendor\codeigniter4\framework\system\CodeIgniter.php(318): CodeIgniter\CodeIgniter->handleRequest(NULL, Object(Config\Cache), false)
#4 C:\Hendri\Xampp\htdocs\ci4-presensiqr\public\index.php(37): CodeIgniter\CodeIgniter->run()
#5 {main}
CRITICAL - 2022-07-04 22:04:13 --> Undefined variable: kode_pos
#0 C:\Hendri\Xampp\htdocs\ci4-presensiqr\app\Controllers\Admin.php(245): CodeIgniter\Debug\Exceptions->errorHandler(8, 'Undefined varia...', 'C:\\Hendri\\Xampp...', 245, Array)
#1 C:\Hendri\Xampp\htdocs\ci4-presensiqr\vendor\codeigniter4\framework\system\CodeIgniter.php(824): App\Controllers\Admin->addclass_()
#2 C:\Hendri\Xampp\htdocs\ci4-presensiqr\vendor\codeigniter4\framework\system\CodeIgniter.php(410): CodeIgniter\CodeIgniter->runController(Object(App\Controllers\Admin))
#3 C:\Hendri\Xampp\htdocs\ci4-presensiqr\vendor\codeigniter4\framework\system\CodeIgniter.php(318): CodeIgniter\CodeIgniter->handleRequest(NULL, Object(Config\Cache), false)
#4 C:\Hendri\Xampp\htdocs\ci4-presensiqr\public\index.php(37): CodeIgniter\CodeIgniter->run()
#5 {main}
CRITICAL - 2022-07-04 22:05:44 --> Undefined variable: kode_pos
#0 C:\Hendri\Xampp\htdocs\ci4-presensiqr\app\Controllers\Admin.php(245): CodeIgniter\Debug\Exceptions->errorHandler(8, 'Undefined varia...', 'C:\\Hendri\\Xampp...', 245, Array)
#1 C:\Hendri\Xampp\htdocs\ci4-presensiqr\vendor\codeigniter4\framework\system\CodeIgniter.php(824): App\Controllers\Admin->addclass_()
#2 C:\Hendri\Xampp\htdocs\ci4-presensiqr\vendor\codeigniter4\framework\system\CodeIgniter.php(410): CodeIgniter\CodeIgniter->runController(Object(App\Controllers\Admin))
#3 C:\Hendri\Xampp\htdocs\ci4-presensiqr\vendor\codeigniter4\framework\system\CodeIgniter.php(318): CodeIgniter\CodeIgniter->handleRequest(NULL, Object(Config\Cache), false)
#4 C:\Hendri\Xampp\htdocs\ci4-presensiqr\public\index.php(37): CodeIgniter\CodeIgniter->run()
#5 {main}
CRITICAL - 2022-07-04 23:36:32 --> syntax error, unexpected end of file, expecting elseif (T_ELSEIF) or else (T_ELSE) or endif (T_ENDIF)
#0 C:\Hendri\Xampp\htdocs\ci4-presensiqr\vendor\codeigniter4\framework\system\View\View.php(217): CodeIgniter\View\View->CodeIgniter\View\{closure}()
#1 C:\Hendri\Xampp\htdocs\ci4-presensiqr\vendor\codeigniter4\framework\system\Common.php(1097): CodeIgniter\View\View->render('siswa/presensi/...', Array, true)
#2 C:\Hendri\Xampp\htdocs\ci4-presensiqr\app\Controllers\Students.php(127): view('siswa/presensi/...', Array)
#3 C:\Hendri\Xampp\htdocs\ci4-presensiqr\vendor\codeigniter4\framework\system\CodeIgniter.php(824): App\Controllers\Students->absenmasuk('SUxVY0dzREs3MHJ...')
#4 C:\Hendri\Xampp\htdocs\ci4-presensiqr\vendor\codeigniter4\framework\system\CodeIgniter.php(410): CodeIgniter\CodeIgniter->runController(Object(App\Controllers\Students))
#5 C:\Hendri\Xampp\htdocs\ci4-presensiqr\vendor\codeigniter4\framework\system\CodeIgniter.php(318): CodeIgniter\CodeIgniter->handleRequest(NULL, Object(Config\Cache), false)
#6 C:\Hendri\Xampp\htdocs\ci4-presensiqr\public\index.php(37): CodeIgniter\CodeIgniter->run()
#7 {main}
