CRITICAL - 2021-12-18 10:24:39 --> Undefined property: stdClass::$nama_kelas
#0 C:\xampp\htdocs\ci4-presensiqr\app\Controllers\Admin.php(549): CodeIgniter\Debug\Exceptions->errorHandler(8, 'Undefined prope...', 'C:\\xampp\\htdocs...', 549, Array)
#1 C:\xampp\htdocs\ci4-presensiqr\vendor\codeigniter4\framework\system\CodeIgniter.php(824): App\Controllers\Admin->sudah_absen()
#2 C:\xampp\htdocs\ci4-presensiqr\vendor\codeigniter4\framework\system\CodeIgniter.php(410): CodeIgniter\CodeIgniter->runController(Object(App\Controllers\Admin))
#3 C:\xampp\htdocs\ci4-presensiqr\vendor\codeigniter4\framework\system\CodeIgniter.php(318): CodeIgniter\CodeIgniter->handleRequest(NULL, Object(Config\Cache), false)
#4 C:\xampp\htdocs\ci4-presensiqr\public\index.php(37): CodeIgniter\CodeIgniter->run()
#5 {main}
CRITICAL - 2021-12-18 10:24:44 --> Undefined property: stdClass::$nama_kelas
#0 C:\xampp\htdocs\ci4-presensiqr\app\Controllers\Admin.php(549): CodeIgniter\Debug\Exceptions->errorHandler(8, 'Undefined prope...', 'C:\\xampp\\htdocs...', 549, Array)
#1 C:\xampp\htdocs\ci4-presensiqr\vendor\codeigniter4\framework\system\CodeIgniter.php(824): App\Controllers\Admin->sudah_absen()
#2 C:\xampp\htdocs\ci4-presensiqr\vendor\codeigniter4\framework\system\CodeIgniter.php(410): CodeIgniter\CodeIgniter->runController(Object(App\Controllers\Admin))
#3 C:\xampp\htdocs\ci4-presensiqr\vendor\codeigniter4\framework\system\CodeIgniter.php(318): CodeIgniter\CodeIgniter->handleRequest(NULL, Object(Config\Cache), false)
#4 C:\xampp\htdocs\ci4-presensiqr\public\index.php(37): CodeIgniter\CodeIgniter->run()
#5 {main}
CRITICAL - 2021-12-18 10:24:49 --> Undefined property: stdClass::$nama_kelas
#0 C:\xampp\htdocs\ci4-presensiqr\app\Controllers\Admin.php(549): CodeIgniter\Debug\Exceptions->errorHandler(8, 'Undefined prope...', 'C:\\xampp\\htdocs...', 549, Array)
#1 C:\xampp\htdocs\ci4-presensiqr\vendor\codeigniter4\framework\system\CodeIgniter.php(824): App\Controllers\Admin->sudah_absen()
#2 C:\xampp\htdocs\ci4-presensiqr\vendor\codeigniter4\framework\system\CodeIgniter.php(410): CodeIgniter\CodeIgniter->runController(Object(App\Controllers\Admin))
#3 C:\xampp\htdocs\ci4-presensiqr\vendor\codeigniter4\framework\system\CodeIgniter.php(318): CodeIgniter\CodeIgniter->handleRequest(NULL, Object(Config\Cache), false)
#4 C:\xampp\htdocs\ci4-presensiqr\public\index.php(37): CodeIgniter\CodeIgniter->run()
#5 {main}
CRITICAL - 2021-12-18 10:24:54 --> Undefined property: stdClass::$nama_kelas
#0 C:\xampp\htdocs\ci4-presensiqr\app\Controllers\Admin.php(549): CodeIgniter\Debug\Exceptions->errorHandler(8, 'Undefined prope...', 'C:\\xampp\\htdocs...', 549, Array)
#1 C:\xampp\htdocs\ci4-presensiqr\vendor\codeigniter4\framework\system\CodeIgniter.php(824): App\Controllers\Admin->sudah_absen()
#2 C:\xampp\htdocs\ci4-presensiqr\vendor\codeigniter4\framework\system\CodeIgniter.php(410): CodeIgniter\CodeIgniter->runController(Object(App\Controllers\Admin))
#3 C:\xampp\htdocs\ci4-presensiqr\vendor\codeigniter4\framework\system\CodeIgniter.php(318): CodeIgniter\CodeIgniter->handleRequest(NULL, Object(Config\Cache), false)
#4 C:\xampp\htdocs\ci4-presensiqr\public\index.php(37): CodeIgniter\CodeIgniter->run()
#5 {main}
