ERROR - 2022-07-03 23:10:51 --> Column 'tgl_event' cannot be null
CRITICAL - 2022-07-03 23:10:51 --> Column 'tgl_event' cannot be null
#0 C:\Hendri\Xampp\htdocs\ci4-presensiqr\vendor\codeigniter4\framework\system\Database\MySQLi\Connection.php(292): mysqli->query('INSERT INTO `ev...', 0)
#1 C:\Hendri\Xampp\htdocs\ci4-presensiqr\vendor\codeigniter4\framework\system\Database\BaseConnection.php(670): CodeIgniter\Database\MySQLi\Connection->execute('INSERT INTO `ev...')
#2 C:\Hendri\Xampp\htdocs\ci4-presensiqr\vendor\codeigniter4\framework\system\Database\BaseConnection.php(598): CodeIgniter\Database\BaseConnection->simpleQuery('INSERT INTO `ev...')
#3 C:\Hendri\Xampp\htdocs\ci4-presensiqr\vendor\codeigniter4\framework\system\Database\BaseBuilder.php(1759): CodeIgniter\Database\BaseConnection->query('INSERT INTO `ev...', Array, false)
#4 C:\Hendri\Xampp\htdocs\ci4-presensiqr\vendor\codeigniter4\framework\system\Model.php(239): CodeIgniter\Database\BaseBuilder->insert()
#5 C:\Hendri\Xampp\htdocs\ci4-presensiqr\vendor\codeigniter4\framework\system\BaseModel.php(738): CodeIgniter\Model->doInsert(Array)
#6 C:\Hendri\Xampp\htdocs\ci4-presensiqr\vendor\codeigniter4\framework\system\Model.php(620): CodeIgniter\BaseModel->insert(Array, false)
#7 C:\Hendri\Xampp\htdocs\ci4-presensiqr\vendor\codeigniter4\framework\system\BaseModel.php(658): CodeIgniter\Model->insert(Array, false)
#8 C:\Hendri\Xampp\htdocs\ci4-presensiqr\app\Controllers\Admin.php(536): CodeIgniter\BaseModel->save(Array)
#9 C:\Hendri\Xampp\htdocs\ci4-presensiqr\vendor\codeigniter4\framework\system\CodeIgniter.php(824): App\Controllers\Admin->addpresensi_()
#10 C:\Hendri\Xampp\htdocs\ci4-presensiqr\vendor\codeigniter4\framework\system\CodeIgniter.php(410): CodeIgniter\CodeIgniter->runController(Object(App\Controllers\Admin))
#11 C:\Hendri\Xampp\htdocs\ci4-presensiqr\vendor\codeigniter4\framework\system\CodeIgniter.php(318): CodeIgniter\CodeIgniter->handleRequest(NULL, Object(Config\Cache), false)
#12 C:\Hendri\Xampp\htdocs\ci4-presensiqr\public\index.php(37): CodeIgniter\CodeIgniter->run()
#13 {main}
ERROR - 2022-07-03 23:11:03 --> Column 'tgl_event' cannot be null
CRITICAL - 2022-07-03 23:11:03 --> Column 'tgl_event' cannot be null
#0 C:\Hendri\Xampp\htdocs\ci4-presensiqr\vendor\codeigniter4\framework\system\Database\MySQLi\Connection.php(292): mysqli->query('INSERT INTO `ev...', 0)
#1 C:\Hendri\Xampp\htdocs\ci4-presensiqr\vendor\codeigniter4\framework\system\Database\BaseConnection.php(670): CodeIgniter\Database\MySQLi\Connection->execute('INSERT INTO `ev...')
#2 C:\Hendri\Xampp\htdocs\ci4-presensiqr\vendor\codeigniter4\framework\system\Database\BaseConnection.php(598): CodeIgniter\Database\BaseConnection->simpleQuery('INSERT INTO `ev...')
#3 C:\Hendri\Xampp\htdocs\ci4-presensiqr\vendor\codeigniter4\framework\system\Database\BaseBuilder.php(1759): CodeIgniter\Database\BaseConnection->query('INSERT INTO `ev...', Array, false)
#4 C:\Hendri\Xampp\htdocs\ci4-presensiqr\vendor\codeigniter4\framework\system\Model.php(239): CodeIgniter\Database\BaseBuilder->insert()
#5 C:\Hendri\Xampp\htdocs\ci4-presensiqr\vendor\codeigniter4\framework\system\BaseModel.php(738): CodeIgniter\Model->doInsert(Array)
#6 C:\Hendri\Xampp\htdocs\ci4-presensiqr\vendor\codeigniter4\framework\system\Model.php(620): CodeIgniter\BaseModel->insert(Array, false)
#7 C:\Hendri\Xampp\htdocs\ci4-presensiqr\vendor\codeigniter4\framework\system\BaseModel.php(658): CodeIgniter\Model->insert(Array, false)
#8 C:\Hendri\Xampp\htdocs\ci4-presensiqr\app\Controllers\Admin.php(536): CodeIgniter\BaseModel->save(Array)
#9 C:\Hendri\Xampp\htdocs\ci4-presensiqr\vendor\codeigniter4\framework\system\CodeIgniter.php(824): App\Controllers\Admin->addpresensi_()
#10 C:\Hendri\Xampp\htdocs\ci4-presensiqr\vendor\codeigniter4\framework\system\CodeIgniter.php(410): CodeIgniter\CodeIgniter->runController(Object(App\Controllers\Admin))
#11 C:\Hendri\Xampp\htdocs\ci4-presensiqr\vendor\codeigniter4\framework\system\CodeIgniter.php(318): CodeIgniter\CodeIgniter->handleRequest(NULL, Object(Config\Cache), false)
#12 C:\Hendri\Xampp\htdocs\ci4-presensiqr\public\index.php(37): CodeIgniter\CodeIgniter->run()
#13 {main}
ERROR - 2022-07-03 23:11:16 --> Column 'tgl_event' cannot be null
CRITICAL - 2022-07-03 23:11:16 --> Column 'tgl_event' cannot be null
#0 C:\Hendri\Xampp\htdocs\ci4-presensiqr\vendor\codeigniter4\framework\system\Database\MySQLi\Connection.php(292): mysqli->query('INSERT INTO `ev...', 0)
#1 C:\Hendri\Xampp\htdocs\ci4-presensiqr\vendor\codeigniter4\framework\system\Database\BaseConnection.php(670): CodeIgniter\Database\MySQLi\Connection->execute('INSERT INTO `ev...')
#2 C:\Hendri\Xampp\htdocs\ci4-presensiqr\vendor\codeigniter4\framework\system\Database\BaseConnection.php(598): CodeIgniter\Database\BaseConnection->simpleQuery('INSERT INTO `ev...')
#3 C:\Hendri\Xampp\htdocs\ci4-presensiqr\vendor\codeigniter4\framework\system\Database\BaseBuilder.php(1759): CodeIgniter\Database\BaseConnection->query('INSERT INTO `ev...', Array, false)
#4 C:\Hendri\Xampp\htdocs\ci4-presensiqr\vendor\codeigniter4\framework\system\Model.php(239): CodeIgniter\Database\BaseBuilder->insert()
#5 C:\Hendri\Xampp\htdocs\ci4-presensiqr\vendor\codeigniter4\framework\system\BaseModel.php(738): CodeIgniter\Model->doInsert(Array)
#6 C:\Hendri\Xampp\htdocs\ci4-presensiqr\vendor\codeigniter4\framework\system\Model.php(620): CodeIgniter\BaseModel->insert(Array, false)
#7 C:\Hendri\Xampp\htdocs\ci4-presensiqr\vendor\codeigniter4\framework\system\BaseModel.php(658): CodeIgniter\Model->insert(Array, false)
#8 C:\Hendri\Xampp\htdocs\ci4-presensiqr\app\Controllers\Admin.php(536): CodeIgniter\BaseModel->save(Array)
#9 C:\Hendri\Xampp\htdocs\ci4-presensiqr\vendor\codeigniter4\framework\system\CodeIgniter.php(824): App\Controllers\Admin->addpresensi_()
#10 C:\Hendri\Xampp\htdocs\ci4-presensiqr\vendor\codeigniter4\framework\system\CodeIgniter.php(410): CodeIgniter\CodeIgniter->runController(Object(App\Controllers\Admin))
#11 C:\Hendri\Xampp\htdocs\ci4-presensiqr\vendor\codeigniter4\framework\system\CodeIgniter.php(318): CodeIgniter\CodeIgniter->handleRequest(NULL, Object(Config\Cache), false)
#12 C:\Hendri\Xampp\htdocs\ci4-presensiqr\public\index.php(37): CodeIgniter\CodeIgniter->run()
#13 {main}
ERROR - 2022-07-03 23:11:35 --> Column 'tgl_event' cannot be null
CRITICAL - 2022-07-03 23:11:35 --> Column 'tgl_event' cannot be null
#0 C:\Hendri\Xampp\htdocs\ci4-presensiqr\vendor\codeigniter4\framework\system\Database\MySQLi\Connection.php(292): mysqli->query('INSERT INTO `ev...', 0)
#1 C:\Hendri\Xampp\htdocs\ci4-presensiqr\vendor\codeigniter4\framework\system\Database\BaseConnection.php(670): CodeIgniter\Database\MySQLi\Connection->execute('INSERT INTO `ev...')
#2 C:\Hendri\Xampp\htdocs\ci4-presensiqr\vendor\codeigniter4\framework\system\Database\BaseConnection.php(598): CodeIgniter\Database\BaseConnection->simpleQuery('INSERT INTO `ev...')
#3 C:\Hendri\Xampp\htdocs\ci4-presensiqr\vendor\codeigniter4\framework\system\Database\BaseBuilder.php(1759): CodeIgniter\Database\BaseConnection->query('INSERT INTO `ev...', Array, false)
#4 C:\Hendri\Xampp\htdocs\ci4-presensiqr\vendor\codeigniter4\framework\system\Model.php(239): CodeIgniter\Database\BaseBuilder->insert()
#5 C:\Hendri\Xampp\htdocs\ci4-presensiqr\vendor\codeigniter4\framework\system\BaseModel.php(738): CodeIgniter\Model->doInsert(Array)
#6 C:\Hendri\Xampp\htdocs\ci4-presensiqr\vendor\codeigniter4\framework\system\Model.php(620): CodeIgniter\BaseModel->insert(Array, false)
#7 C:\Hendri\Xampp\htdocs\ci4-presensiqr\vendor\codeigniter4\framework\system\BaseModel.php(658): CodeIgniter\Model->insert(Array, false)
#8 C:\Hendri\Xampp\htdocs\ci4-presensiqr\app\Controllers\Admin.php(536): CodeIgniter\BaseModel->save(Array)
#9 C:\Hendri\Xampp\htdocs\ci4-presensiqr\vendor\codeigniter4\framework\system\CodeIgniter.php(824): App\Controllers\Admin->addpresensi_()
#10 C:\Hendri\Xampp\htdocs\ci4-presensiqr\vendor\codeigniter4\framework\system\CodeIgniter.php(410): CodeIgniter\CodeIgniter->runController(Object(App\Controllers\Admin))
#11 C:\Hendri\Xampp\htdocs\ci4-presensiqr\vendor\codeigniter4\framework\system\CodeIgniter.php(318): CodeIgniter\CodeIgniter->handleRequest(NULL, Object(Config\Cache), false)
#12 C:\Hendri\Xampp\htdocs\ci4-presensiqr\public\index.php(37): CodeIgniter\CodeIgniter->run()
#13 {main}
ERROR - 2022-07-03 23:11:40 --> Column 'tgl_event' cannot be null
CRITICAL - 2022-07-03 23:11:40 --> Column 'tgl_event' cannot be null
#0 C:\Hendri\Xampp\htdocs\ci4-presensiqr\vendor\codeigniter4\framework\system\Database\MySQLi\Connection.php(292): mysqli->query('INSERT INTO `ev...', 0)
#1 C:\Hendri\Xampp\htdocs\ci4-presensiqr\vendor\codeigniter4\framework\system\Database\BaseConnection.php(670): CodeIgniter\Database\MySQLi\Connection->execute('INSERT INTO `ev...')
#2 C:\Hendri\Xampp\htdocs\ci4-presensiqr\vendor\codeigniter4\framework\system\Database\BaseConnection.php(598): CodeIgniter\Database\BaseConnection->simpleQuery('INSERT INTO `ev...')
#3 C:\Hendri\Xampp\htdocs\ci4-presensiqr\vendor\codeigniter4\framework\system\Database\BaseBuilder.php(1759): CodeIgniter\Database\BaseConnection->query('INSERT INTO `ev...', Array, false)
#4 C:\Hendri\Xampp\htdocs\ci4-presensiqr\vendor\codeigniter4\framework\system\Model.php(239): CodeIgniter\Database\BaseBuilder->insert()
#5 C:\Hendri\Xampp\htdocs\ci4-presensiqr\vendor\codeigniter4\framework\system\BaseModel.php(738): CodeIgniter\Model->doInsert(Array)
#6 C:\Hendri\Xampp\htdocs\ci4-presensiqr\vendor\codeigniter4\framework\system\Model.php(620): CodeIgniter\BaseModel->insert(Array, false)
#7 C:\Hendri\Xampp\htdocs\ci4-presensiqr\vendor\codeigniter4\framework\system\BaseModel.php(658): CodeIgniter\Model->insert(Array, false)
#8 C:\Hendri\Xampp\htdocs\ci4-presensiqr\app\Controllers\Admin.php(536): CodeIgniter\BaseModel->save(Array)
#9 C:\Hendri\Xampp\htdocs\ci4-presensiqr\vendor\codeigniter4\framework\system\CodeIgniter.php(824): App\Controllers\Admin->addpresensi_()
#10 C:\Hendri\Xampp\htdocs\ci4-presensiqr\vendor\codeigniter4\framework\system\CodeIgniter.php(410): CodeIgniter\CodeIgniter->runController(Object(App\Controllers\Admin))
#11 C:\Hendri\Xampp\htdocs\ci4-presensiqr\vendor\codeigniter4\framework\system\CodeIgniter.php(318): CodeIgniter\CodeIgniter->handleRequest(NULL, Object(Config\Cache), false)
#12 C:\Hendri\Xampp\htdocs\ci4-presensiqr\public\index.php(37): CodeIgniter\CodeIgniter->run()
#13 {main}
ERROR - 2022-07-03 23:11:45 --> Column 'tgl_event' cannot be null
CRITICAL - 2022-07-03 23:11:45 --> Column 'tgl_event' cannot be null
#0 C:\Hendri\Xampp\htdocs\ci4-presensiqr\vendor\codeigniter4\framework\system\Database\MySQLi\Connection.php(292): mysqli->query('INSERT INTO `ev...', 0)
#1 C:\Hendri\Xampp\htdocs\ci4-presensiqr\vendor\codeigniter4\framework\system\Database\BaseConnection.php(670): CodeIgniter\Database\MySQLi\Connection->execute('INSERT INTO `ev...')
#2 C:\Hendri\Xampp\htdocs\ci4-presensiqr\vendor\codeigniter4\framework\system\Database\BaseConnection.php(598): CodeIgniter\Database\BaseConnection->simpleQuery('INSERT INTO `ev...')
#3 C:\Hendri\Xampp\htdocs\ci4-presensiqr\vendor\codeigniter4\framework\system\Database\BaseBuilder.php(1759): CodeIgniter\Database\BaseConnection->query('INSERT INTO `ev...', Array, false)
#4 C:\Hendri\Xampp\htdocs\ci4-presensiqr\vendor\codeigniter4\framework\system\Model.php(239): CodeIgniter\Database\BaseBuilder->insert()
#5 C:\Hendri\Xampp\htdocs\ci4-presensiqr\vendor\codeigniter4\framework\system\BaseModel.php(738): CodeIgniter\Model->doInsert(Array)
#6 C:\Hendri\Xampp\htdocs\ci4-presensiqr\vendor\codeigniter4\framework\system\Model.php(620): CodeIgniter\BaseModel->insert(Array, false)
#7 C:\Hendri\Xampp\htdocs\ci4-presensiqr\vendor\codeigniter4\framework\system\BaseModel.php(658): CodeIgniter\Model->insert(Array, false)
#8 C:\Hendri\Xampp\htdocs\ci4-presensiqr\app\Controllers\Admin.php(536): CodeIgniter\BaseModel->save(Array)
#9 C:\Hendri\Xampp\htdocs\ci4-presensiqr\vendor\codeigniter4\framework\system\CodeIgniter.php(824): App\Controllers\Admin->addpresensi_()
#10 C:\Hendri\Xampp\htdocs\ci4-presensiqr\vendor\codeigniter4\framework\system\CodeIgniter.php(410): CodeIgniter\CodeIgniter->runController(Object(App\Controllers\Admin))
#11 C:\Hendri\Xampp\htdocs\ci4-presensiqr\vendor\codeigniter4\framework\system\CodeIgniter.php(318): CodeIgniter\CodeIgniter->handleRequest(NULL, Object(Config\Cache), false)
#12 C:\Hendri\Xampp\htdocs\ci4-presensiqr\public\index.php(37): CodeIgniter\CodeIgniter->run()
#13 {main}
ERROR - 2022-07-03 23:14:31 --> Column 'tgl_event' cannot be null
CRITICAL - 2022-07-03 23:14:31 --> Column 'tgl_event' cannot be null
#0 C:\Hendri\Xampp\htdocs\ci4-presensiqr\vendor\codeigniter4\framework\system\Database\MySQLi\Connection.php(292): mysqli->query('INSERT INTO `ev...', 0)
#1 C:\Hendri\Xampp\htdocs\ci4-presensiqr\vendor\codeigniter4\framework\system\Database\BaseConnection.php(670): CodeIgniter\Database\MySQLi\Connection->execute('INSERT INTO `ev...')
#2 C:\Hendri\Xampp\htdocs\ci4-presensiqr\vendor\codeigniter4\framework\system\Database\BaseConnection.php(598): CodeIgniter\Database\BaseConnection->simpleQuery('INSERT INTO `ev...')
#3 C:\Hendri\Xampp\htdocs\ci4-presensiqr\vendor\codeigniter4\framework\system\Database\BaseBuilder.php(1759): CodeIgniter\Database\BaseConnection->query('INSERT INTO `ev...', Array, false)
#4 C:\Hendri\Xampp\htdocs\ci4-presensiqr\vendor\codeigniter4\framework\system\Model.php(239): CodeIgniter\Database\BaseBuilder->insert()
#5 C:\Hendri\Xampp\htdocs\ci4-presensiqr\vendor\codeigniter4\framework\system\BaseModel.php(738): CodeIgniter\Model->doInsert(Array)
#6 C:\Hendri\Xampp\htdocs\ci4-presensiqr\vendor\codeigniter4\framework\system\Model.php(620): CodeIgniter\BaseModel->insert(Array, false)
#7 C:\Hendri\Xampp\htdocs\ci4-presensiqr\vendor\codeigniter4\framework\system\BaseModel.php(658): CodeIgniter\Model->insert(Array, false)
#8 C:\Hendri\Xampp\htdocs\ci4-presensiqr\app\Controllers\Admin.php(536): CodeIgniter\BaseModel->save(Array)
#9 C:\Hendri\Xampp\htdocs\ci4-presensiqr\vendor\codeigniter4\framework\system\CodeIgniter.php(824): App\Controllers\Admin->addpresensi_()
#10 C:\Hendri\Xampp\htdocs\ci4-presensiqr\vendor\codeigniter4\framework\system\CodeIgniter.php(410): CodeIgniter\CodeIgniter->runController(Object(App\Controllers\Admin))
#11 C:\Hendri\Xampp\htdocs\ci4-presensiqr\vendor\codeigniter4\framework\system\CodeIgniter.php(318): CodeIgniter\CodeIgniter->handleRequest(NULL, Object(Config\Cache), false)
#12 C:\Hendri\Xampp\htdocs\ci4-presensiqr\public\index.php(37): CodeIgniter\CodeIgniter->run()
#13 {main}
ERROR - 2022-07-03 23:17:17 --> Column 'tgl_event' cannot be null
CRITICAL - 2022-07-03 23:17:17 --> Column 'tgl_event' cannot be null
#0 C:\Hendri\Xampp\htdocs\ci4-presensiqr\vendor\codeigniter4\framework\system\Database\MySQLi\Connection.php(292): mysqli->query('INSERT INTO `ev...', 0)
#1 C:\Hendri\Xampp\htdocs\ci4-presensiqr\vendor\codeigniter4\framework\system\Database\BaseConnection.php(670): CodeIgniter\Database\MySQLi\Connection->execute('INSERT INTO `ev...')
#2 C:\Hendri\Xampp\htdocs\ci4-presensiqr\vendor\codeigniter4\framework\system\Database\BaseConnection.php(598): CodeIgniter\Database\BaseConnection->simpleQuery('INSERT INTO `ev...')
#3 C:\Hendri\Xampp\htdocs\ci4-presensiqr\vendor\codeigniter4\framework\system\Database\BaseBuilder.php(1759): CodeIgniter\Database\BaseConnection->query('INSERT INTO `ev...', Array, false)
#4 C:\Hendri\Xampp\htdocs\ci4-presensiqr\vendor\codeigniter4\framework\system\Model.php(239): CodeIgniter\Database\BaseBuilder->insert()
#5 C:\Hendri\Xampp\htdocs\ci4-presensiqr\vendor\codeigniter4\framework\system\BaseModel.php(738): CodeIgniter\Model->doInsert(Array)
#6 C:\Hendri\Xampp\htdocs\ci4-presensiqr\vendor\codeigniter4\framework\system\Model.php(620): CodeIgniter\BaseModel->insert(Array, false)
#7 C:\Hendri\Xampp\htdocs\ci4-presensiqr\vendor\codeigniter4\framework\system\BaseModel.php(658): CodeIgniter\Model->insert(Array, false)
#8 C:\Hendri\Xampp\htdocs\ci4-presensiqr\app\Controllers\Admin.php(536): CodeIgniter\BaseModel->save(Array)
#9 C:\Hendri\Xampp\htdocs\ci4-presensiqr\vendor\codeigniter4\framework\system\CodeIgniter.php(824): App\Controllers\Admin->addpresensi_()
#10 C:\Hendri\Xampp\htdocs\ci4-presensiqr\vendor\codeigniter4\framework\system\CodeIgniter.php(410): CodeIgniter\CodeIgniter->runController(Object(App\Controllers\Admin))
#11 C:\Hendri\Xampp\htdocs\ci4-presensiqr\vendor\codeigniter4\framework\system\CodeIgniter.php(318): CodeIgniter\CodeIgniter->handleRequest(NULL, Object(Config\Cache), false)
#12 C:\Hendri\Xampp\htdocs\ci4-presensiqr\public\index.php(37): CodeIgniter\CodeIgniter->run()
#13 {main}
CRITICAL - 2022-07-03 23:49:17 --> Call to undefined function tgl_event()
#0 C:\Hendri\Xampp\htdocs\ci4-presensiqr\vendor\codeigniter4\framework\system\View\View.php(214): include()
#1 C:\Hendri\Xampp\htdocs\ci4-presensiqr\vendor\codeigniter4\framework\system\View\View.php(217): CodeIgniter\View\View->CodeIgniter\View\{closure}()
#2 C:\Hendri\Xampp\htdocs\ci4-presensiqr\vendor\codeigniter4\framework\system\Common.php(1097): CodeIgniter\View\View->render('admin/presensi/...', Array, true)
#3 C:\Hendri\Xampp\htdocs\ci4-presensiqr\app\Controllers\Admin.php(520): view('admin/presensi/...', Array)
#4 C:\Hendri\Xampp\htdocs\ci4-presensiqr\vendor\codeigniter4\framework\system\CodeIgniter.php(824): App\Controllers\Admin->addpresensi()
#5 C:\Hendri\Xampp\htdocs\ci4-presensiqr\vendor\codeigniter4\framework\system\CodeIgniter.php(410): CodeIgniter\CodeIgniter->runController(Object(App\Controllers\Admin))
#6 C:\Hendri\Xampp\htdocs\ci4-presensiqr\vendor\codeigniter4\framework\system\CodeIgniter.php(318): CodeIgniter\CodeIgniter->handleRequest(NULL, Object(Config\Cache), false)
#7 C:\Hendri\Xampp\htdocs\ci4-presensiqr\public\index.php(37): CodeIgniter\CodeIgniter->run()
#8 {main}
CRITICAL - 2022-07-03 23:49:31 --> Call to undefined function tgl_event()
#0 C:\Hendri\Xampp\htdocs\ci4-presensiqr\vendor\codeigniter4\framework\system\View\View.php(214): include()
#1 C:\Hendri\Xampp\htdocs\ci4-presensiqr\vendor\codeigniter4\framework\system\View\View.php(217): CodeIgniter\View\View->CodeIgniter\View\{closure}()
#2 C:\Hendri\Xampp\htdocs\ci4-presensiqr\vendor\codeigniter4\framework\system\Common.php(1097): CodeIgniter\View\View->render('admin/presensi/...', Array, true)
#3 C:\Hendri\Xampp\htdocs\ci4-presensiqr\app\Controllers\Admin.php(520): view('admin/presensi/...', Array)
#4 C:\Hendri\Xampp\htdocs\ci4-presensiqr\vendor\codeigniter4\framework\system\CodeIgniter.php(824): App\Controllers\Admin->addpresensi()
#5 C:\Hendri\Xampp\htdocs\ci4-presensiqr\vendor\codeigniter4\framework\system\CodeIgniter.php(410): CodeIgniter\CodeIgniter->runController(Object(App\Controllers\Admin))
#6 C:\Hendri\Xampp\htdocs\ci4-presensiqr\vendor\codeigniter4\framework\system\CodeIgniter.php(318): CodeIgniter\CodeIgniter->handleRequest(NULL, Object(Config\Cache), false)
#7 C:\Hendri\Xampp\htdocs\ci4-presensiqr\public\index.php(37): CodeIgniter\CodeIgniter->run()
#8 {main}
CRITICAL - 2022-07-03 23:49:33 --> Call to undefined function tgl_event()
#0 C:\Hendri\Xampp\htdocs\ci4-presensiqr\vendor\codeigniter4\framework\system\View\View.php(214): include()
#1 C:\Hendri\Xampp\htdocs\ci4-presensiqr\vendor\codeigniter4\framework\system\View\View.php(217): CodeIgniter\View\View->CodeIgniter\View\{closure}()
#2 C:\Hendri\Xampp\htdocs\ci4-presensiqr\vendor\codeigniter4\framework\system\Common.php(1097): CodeIgniter\View\View->render('admin/presensi/...', Array, true)
#3 C:\Hendri\Xampp\htdocs\ci4-presensiqr\app\Controllers\Admin.php(520): view('admin/presensi/...', Array)
#4 C:\Hendri\Xampp\htdocs\ci4-presensiqr\vendor\codeigniter4\framework\system\CodeIgniter.php(824): App\Controllers\Admin->addpresensi()
#5 C:\Hendri\Xampp\htdocs\ci4-presensiqr\vendor\codeigniter4\framework\system\CodeIgniter.php(410): CodeIgniter\CodeIgniter->runController(Object(App\Controllers\Admin))
#6 C:\Hendri\Xampp\htdocs\ci4-presensiqr\vendor\codeigniter4\framework\system\CodeIgniter.php(318): CodeIgniter\CodeIgniter->handleRequest(NULL, Object(Config\Cache), false)
#7 C:\Hendri\Xampp\htdocs\ci4-presensiqr\public\index.php(37): CodeIgniter\CodeIgniter->run()
#8 {main}
CRITICAL - 2022-07-03 23:50:13 --> date() expects at least 1 parameter, 0 given
#0 [internal function]: CodeIgniter\Debug\Exceptions->errorHandler(2, 'date() expects ...', 'C:\\Hendri\\Xampp...', 47, Array)
#1 C:\Hendri\Xampp\htdocs\ci4-presensiqr\app\Views\admin\presensi\tambah.php(47): date()
#2 C:\Hendri\Xampp\htdocs\ci4-presensiqr\vendor\codeigniter4\framework\system\View\View.php(214): include('C:\\Hendri\\Xampp...')
#3 C:\Hendri\Xampp\htdocs\ci4-presensiqr\vendor\codeigniter4\framework\system\View\View.php(217): CodeIgniter\View\View->CodeIgniter\View\{closure}()
#4 C:\Hendri\Xampp\htdocs\ci4-presensiqr\vendor\codeigniter4\framework\system\Common.php(1097): CodeIgniter\View\View->render('admin/presensi/...', Array, true)
#5 C:\Hendri\Xampp\htdocs\ci4-presensiqr\app\Controllers\Admin.php(520): view('admin/presensi/...', Array)
#6 C:\Hendri\Xampp\htdocs\ci4-presensiqr\vendor\codeigniter4\framework\system\CodeIgniter.php(824): App\Controllers\Admin->addpresensi()
#7 C:\Hendri\Xampp\htdocs\ci4-presensiqr\vendor\codeigniter4\framework\system\CodeIgniter.php(410): CodeIgniter\CodeIgniter->runController(Object(App\Controllers\Admin))
#8 C:\Hendri\Xampp\htdocs\ci4-presensiqr\vendor\codeigniter4\framework\system\CodeIgniter.php(318): CodeIgniter\CodeIgniter->handleRequest(NULL, Object(Config\Cache), false)
#9 C:\Hendri\Xampp\htdocs\ci4-presensiqr\public\index.php(37): CodeIgniter\CodeIgniter->run()
#10 {main}
