CRITICAL - 2022-06-30 14:45:28 --> Call to undefined function CodeIgniter\locale_set_default()
#0 C:\xampp\htdocs\ci4-presensiqr\vendor\codeigniter4\framework\system\bootstrap.php(146): CodeIgniter\CodeIgniter->initialize()
#1 C:\xampp\htdocs\ci4-presensiqr\public\index.php(28): require('C:\\xampp\\htdocs...')
#2 {main}
CRITICAL - 2022-06-30 14:45:28 --> Uncaught ErrorException: strtolower(): Passing null to parameter #1 ($string) of type string is deprecated in C:\xampp\htdocs\ci4-presensiqr\vendor\codeigniter4\framework\system\Validation\FormatRules.php:253
Stack trace:
#0 [internal function]: CodeIgniter\Debug\Exceptions->errorHandler(8192, 'strtolower(): P...', 'C:\\xampp\\htdocs...', 253)
#1 C:\xampp\htdocs\ci4-presensiqr\vendor\codeigniter4\framework\system\Validation\FormatRules.php(253): strtolower(NULL)
#2 C:\xampp\htdocs\ci4-presensiqr\vendor\codeigniter4\framework\system\HTTP\RequestTrait.php(151): CodeIgniter\Validation\FormatRules->valid_ip('192.168.60.201')
#3 C:\xampp\htdocs\ci4-presensiqr\app\Views\errors\html\error_exception.php(206): CodeIgniter\HTTP\Request->getIPAddress()
#4 C:\xampp\htdocs\ci4-presensiqr\vendor\codeigniter4\framework\system\Debug\Exceptions.php(229): include('C:\\xampp\\htdocs...')
#5 C:\xampp\htdocs\ci4-presensiqr\vendor\codeigniter4\framework\system\Debug\Exceptions.php(232): CodeIgniter\Debug\Exceptions->CodeIgniter\Debug\{closure}()
#6 C:\xampp\htdocs\ci4-presensiqr\vendor\codeigniter4\framework\system\Debug\Exceptions.php(116): CodeIgniter\Debug\Exceptions->render(Object(Error), 500)
#7 [internal function]: CodeIgniter\Debug\Exceptions->exceptionHandler(Object(Error))
#8 {main}
  thrown
#0 [internal function]: CodeIgniter\Debug\Exceptions->shutdownHandler()
#1 {main}
CRITICAL - 2022-06-30 14:47:32 --> Call to undefined function CodeIgniter\locale_set_default()
#0 C:\xampp\htdocs\ci4-presensiqr\vendor\codeigniter4\framework\system\bootstrap.php(146): CodeIgniter\CodeIgniter->initialize()
#1 C:\xampp\htdocs\ci4-presensiqr\public\index.php(28): require('C:\\xampp\\htdocs...')
#2 {main}
CRITICAL - 2022-06-30 14:47:32 --> Uncaught ErrorException: strtolower(): Passing null to parameter #1 ($string) of type string is deprecated in C:\xampp\htdocs\ci4-presensiqr\vendor\codeigniter4\framework\system\Validation\FormatRules.php:253
Stack trace:
#0 [internal function]: CodeIgniter\Debug\Exceptions->errorHandler(8192, 'strtolower(): P...', 'C:\\xampp\\htdocs...', 253)
#1 C:\xampp\htdocs\ci4-presensiqr\vendor\codeigniter4\framework\system\Validation\FormatRules.php(253): strtolower(NULL)
#2 C:\xampp\htdocs\ci4-presensiqr\vendor\codeigniter4\framework\system\HTTP\RequestTrait.php(151): CodeIgniter\Validation\FormatRules->valid_ip('192.168.60.201')
#3 C:\xampp\htdocs\ci4-presensiqr\app\Views\errors\html\error_exception.php(206): CodeIgniter\HTTP\Request->getIPAddress()
#4 C:\xampp\htdocs\ci4-presensiqr\vendor\codeigniter4\framework\system\Debug\Exceptions.php(229): include('C:\\xampp\\htdocs...')
#5 C:\xampp\htdocs\ci4-presensiqr\vendor\codeigniter4\framework\system\Debug\Exceptions.php(232): CodeIgniter\Debug\Exceptions->CodeIgniter\Debug\{closure}()
#6 C:\xampp\htdocs\ci4-presensiqr\vendor\codeigniter4\framework\system\Debug\Exceptions.php(116): CodeIgniter\Debug\Exceptions->render(Object(Error), 500)
#7 [internal function]: CodeIgniter\Debug\Exceptions->exceptionHandler(Object(Error))
#8 {main}
  thrown
#0 [internal function]: CodeIgniter\Debug\Exceptions->shutdownHandler()
#1 {main}
CRITICAL - 2022-06-30 14:47:35 --> Call to undefined function CodeIgniter\locale_set_default()
#0 C:\xampp\htdocs\ci4-presensiqr\vendor\codeigniter4\framework\system\bootstrap.php(146): CodeIgniter\CodeIgniter->initialize()
#1 C:\xampp\htdocs\ci4-presensiqr\public\index.php(28): require('C:\\xampp\\htdocs...')
#2 {main}
CRITICAL - 2022-06-30 14:47:35 --> Uncaught ErrorException: strtolower(): Passing null to parameter #1 ($string) of type string is deprecated in C:\xampp\htdocs\ci4-presensiqr\vendor\codeigniter4\framework\system\Validation\FormatRules.php:253
Stack trace:
#0 [internal function]: CodeIgniter\Debug\Exceptions->errorHandler(8192, 'strtolower(): P...', 'C:\\xampp\\htdocs...', 253)
#1 C:\xampp\htdocs\ci4-presensiqr\vendor\codeigniter4\framework\system\Validation\FormatRules.php(253): strtolower(NULL)
#2 C:\xampp\htdocs\ci4-presensiqr\vendor\codeigniter4\framework\system\HTTP\RequestTrait.php(151): CodeIgniter\Validation\FormatRules->valid_ip('192.168.60.201')
#3 C:\xampp\htdocs\ci4-presensiqr\app\Views\errors\html\error_exception.php(206): CodeIgniter\HTTP\Request->getIPAddress()
#4 C:\xampp\htdocs\ci4-presensiqr\vendor\codeigniter4\framework\system\Debug\Exceptions.php(229): include('C:\\xampp\\htdocs...')
#5 C:\xampp\htdocs\ci4-presensiqr\vendor\codeigniter4\framework\system\Debug\Exceptions.php(232): CodeIgniter\Debug\Exceptions->CodeIgniter\Debug\{closure}()
#6 C:\xampp\htdocs\ci4-presensiqr\vendor\codeigniter4\framework\system\Debug\Exceptions.php(116): CodeIgniter\Debug\Exceptions->render(Object(Error), 500)
#7 [internal function]: CodeIgniter\Debug\Exceptions->exceptionHandler(Object(Error))
#8 {main}
  thrown
#0 [internal function]: CodeIgniter\Debug\Exceptions->shutdownHandler()
#1 {main}
CRITICAL - 2022-06-30 14:47:36 --> Call to undefined function CodeIgniter\locale_set_default()
#0 C:\xampp\htdocs\ci4-presensiqr\vendor\codeigniter4\framework\system\bootstrap.php(146): CodeIgniter\CodeIgniter->initialize()
#1 C:\xampp\htdocs\ci4-presensiqr\public\index.php(28): require('C:\\xampp\\htdocs...')
#2 {main}
CRITICAL - 2022-06-30 14:47:36 --> Uncaught ErrorException: strtolower(): Passing null to parameter #1 ($string) of type string is deprecated in C:\xampp\htdocs\ci4-presensiqr\vendor\codeigniter4\framework\system\Validation\FormatRules.php:253
Stack trace:
#0 [internal function]: CodeIgniter\Debug\Exceptions->errorHandler(8192, 'strtolower(): P...', 'C:\\xampp\\htdocs...', 253)
#1 C:\xampp\htdocs\ci4-presensiqr\vendor\codeigniter4\framework\system\Validation\FormatRules.php(253): strtolower(NULL)
#2 C:\xampp\htdocs\ci4-presensiqr\vendor\codeigniter4\framework\system\HTTP\RequestTrait.php(151): CodeIgniter\Validation\FormatRules->valid_ip('192.168.60.201')
#3 C:\xampp\htdocs\ci4-presensiqr\app\Views\errors\html\error_exception.php(206): CodeIgniter\HTTP\Request->getIPAddress()
#4 C:\xampp\htdocs\ci4-presensiqr\vendor\codeigniter4\framework\system\Debug\Exceptions.php(229): include('C:\\xampp\\htdocs...')
#5 C:\xampp\htdocs\ci4-presensiqr\vendor\codeigniter4\framework\system\Debug\Exceptions.php(232): CodeIgniter\Debug\Exceptions->CodeIgniter\Debug\{closure}()
#6 C:\xampp\htdocs\ci4-presensiqr\vendor\codeigniter4\framework\system\Debug\Exceptions.php(116): CodeIgniter\Debug\Exceptions->render(Object(Error), 500)
#7 [internal function]: CodeIgniter\Debug\Exceptions->exceptionHandler(Object(Error))
#8 {main}
  thrown
#0 [internal function]: CodeIgniter\Debug\Exceptions->shutdownHandler()
#1 {main}
CRITICAL - 2022-06-30 14:47:38 --> Call to undefined function CodeIgniter\locale_set_default()
#0 C:\xampp\htdocs\ci4-presensiqr\vendor\codeigniter4\framework\system\bootstrap.php(146): CodeIgniter\CodeIgniter->initialize()
#1 C:\xampp\htdocs\ci4-presensiqr\public\index.php(28): require('C:\\xampp\\htdocs...')
#2 {main}
CRITICAL - 2022-06-30 14:47:38 --> Uncaught ErrorException: strtolower(): Passing null to parameter #1 ($string) of type string is deprecated in C:\xampp\htdocs\ci4-presensiqr\vendor\codeigniter4\framework\system\Validation\FormatRules.php:253
Stack trace:
#0 [internal function]: CodeIgniter\Debug\Exceptions->errorHandler(8192, 'strtolower(): P...', 'C:\\xampp\\htdocs...', 253)
#1 C:\xampp\htdocs\ci4-presensiqr\vendor\codeigniter4\framework\system\Validation\FormatRules.php(253): strtolower(NULL)
#2 C:\xampp\htdocs\ci4-presensiqr\vendor\codeigniter4\framework\system\HTTP\RequestTrait.php(151): CodeIgniter\Validation\FormatRules->valid_ip('192.168.60.201')
#3 C:\xampp\htdocs\ci4-presensiqr\app\Views\errors\html\error_exception.php(206): CodeIgniter\HTTP\Request->getIPAddress()
#4 C:\xampp\htdocs\ci4-presensiqr\vendor\codeigniter4\framework\system\Debug\Exceptions.php(229): include('C:\\xampp\\htdocs...')
#5 C:\xampp\htdocs\ci4-presensiqr\vendor\codeigniter4\framework\system\Debug\Exceptions.php(232): CodeIgniter\Debug\Exceptions->CodeIgniter\Debug\{closure}()
#6 C:\xampp\htdocs\ci4-presensiqr\vendor\codeigniter4\framework\system\Debug\Exceptions.php(116): CodeIgniter\Debug\Exceptions->render(Object(Error), 500)
#7 [internal function]: CodeIgniter\Debug\Exceptions->exceptionHandler(Object(Error))
#8 {main}
  thrown
#0 [internal function]: CodeIgniter\Debug\Exceptions->shutdownHandler()
#1 {main}
CRITICAL - 2022-06-30 14:50:19 --> Call to undefined function CodeIgniter\locale_set_default()
#0 C:\xampp\htdocs\ci4-presensiqr\vendor\codeigniter4\framework\system\bootstrap.php(146): CodeIgniter\CodeIgniter->initialize()
#1 C:\xampp\htdocs\ci4-presensiqr\public\index.php(28): require('C:\\xampp\\htdocs...')
#2 {main}
CRITICAL - 2022-06-30 14:50:20 --> Uncaught ErrorException: strtolower(): Passing null to parameter #1 ($string) of type string is deprecated in C:\xampp\htdocs\ci4-presensiqr\vendor\codeigniter4\framework\system\Validation\FormatRules.php:253
Stack trace:
#0 [internal function]: CodeIgniter\Debug\Exceptions->errorHandler(8192, 'strtolower(): P...', 'C:\\xampp\\htdocs...', 253)
#1 C:\xampp\htdocs\ci4-presensiqr\vendor\codeigniter4\framework\system\Validation\FormatRules.php(253): strtolower(NULL)
#2 C:\xampp\htdocs\ci4-presensiqr\vendor\codeigniter4\framework\system\HTTP\RequestTrait.php(151): CodeIgniter\Validation\FormatRules->valid_ip('192.168.60.201')
#3 C:\xampp\htdocs\ci4-presensiqr\app\Views\errors\html\error_exception.php(206): CodeIgniter\HTTP\Request->getIPAddress()
#4 C:\xampp\htdocs\ci4-presensiqr\vendor\codeigniter4\framework\system\Debug\Exceptions.php(229): include('C:\\xampp\\htdocs...')
#5 C:\xampp\htdocs\ci4-presensiqr\vendor\codeigniter4\framework\system\Debug\Exceptions.php(232): CodeIgniter\Debug\Exceptions->CodeIgniter\Debug\{closure}()
#6 C:\xampp\htdocs\ci4-presensiqr\vendor\codeigniter4\framework\system\Debug\Exceptions.php(116): CodeIgniter\Debug\Exceptions->render(Object(Error), 500)
#7 [internal function]: CodeIgniter\Debug\Exceptions->exceptionHandler(Object(Error))
#8 {main}
  thrown
#0 [internal function]: CodeIgniter\Debug\Exceptions->shutdownHandler()
#1 {main}
CRITICAL - 2022-06-30 14:53:43 --> Call to undefined function CodeIgniter\locale_set_default()
#0 C:\xampp\htdocs\ci4-presensiqr\vendor\codeigniter4\framework\system\bootstrap.php(146): CodeIgniter\CodeIgniter->initialize()
#1 C:\xampp\htdocs\ci4-presensiqr\public\index.php(28): require('C:\\xampp\\htdocs...')
#2 {main}
CRITICAL - 2022-06-30 14:53:43 --> Uncaught ErrorException: strtolower(): Passing null to parameter #1 ($string) of type string is deprecated in C:\xampp\htdocs\ci4-presensiqr\vendor\codeigniter4\framework\system\Validation\FormatRules.php:253
Stack trace:
#0 [internal function]: CodeIgniter\Debug\Exceptions->errorHandler(8192, 'strtolower(): P...', 'C:\\xampp\\htdocs...', 253)
#1 C:\xampp\htdocs\ci4-presensiqr\vendor\codeigniter4\framework\system\Validation\FormatRules.php(253): strtolower(NULL)
#2 C:\xampp\htdocs\ci4-presensiqr\vendor\codeigniter4\framework\system\HTTP\RequestTrait.php(151): CodeIgniter\Validation\FormatRules->valid_ip('192.168.60.201')
#3 C:\xampp\htdocs\ci4-presensiqr\app\Views\errors\html\error_exception.php(206): CodeIgniter\HTTP\Request->getIPAddress()
#4 C:\xampp\htdocs\ci4-presensiqr\vendor\codeigniter4\framework\system\Debug\Exceptions.php(229): include('C:\\xampp\\htdocs...')
#5 C:\xampp\htdocs\ci4-presensiqr\vendor\codeigniter4\framework\system\Debug\Exceptions.php(232): CodeIgniter\Debug\Exceptions->CodeIgniter\Debug\{closure}()
#6 C:\xampp\htdocs\ci4-presensiqr\vendor\codeigniter4\framework\system\Debug\Exceptions.php(116): CodeIgniter\Debug\Exceptions->render(Object(Error), 500)
#7 [internal function]: CodeIgniter\Debug\Exceptions->exceptionHandler(Object(Error))
#8 {main}
  thrown
#0 [internal function]: CodeIgniter\Debug\Exceptions->shutdownHandler()
#1 {main}
CRITICAL - 2022-06-30 07:55:25 --> strtolower(): Passing null to parameter #1 ($string) of type string is deprecated
#0 [internal function]: CodeIgniter\Debug\Exceptions->errorHandler(8192, 'strtolower(): P...', 'C:\\xampp\\htdocs...', 253)
#1 C:\xampp\htdocs\ci4-presensiqr\vendor\codeigniter4\framework\system\Validation\FormatRules.php(253): strtolower(NULL)
#2 C:\xampp\htdocs\ci4-presensiqr\vendor\codeigniter4\framework\system\HTTP\RequestTrait.php(151): CodeIgniter\Validation\FormatRules->valid_ip('192.168.60.201')
#3 C:\xampp\htdocs\ci4-presensiqr\vendor\codeigniter4\framework\system\Config\Services.php(570): CodeIgniter\HTTP\Request->getIPAddress()
#4 C:\xampp\htdocs\ci4-presensiqr\vendor\codeigniter4\framework\system\Config\BaseService.php(248): CodeIgniter\Config\Services::session(Object(Config\App), false)
#5 C:\xampp\htdocs\ci4-presensiqr\vendor\codeigniter4\framework\system\Config\BaseService.php(189): CodeIgniter\Config\BaseService::__callStatic('session', Array)
#6 C:\xampp\htdocs\ci4-presensiqr\vendor\codeigniter4\framework\system\Config\Services.php(563): CodeIgniter\Config\BaseService::getSharedInstance('session', NULL)
#7 C:\xampp\htdocs\ci4-presensiqr\vendor\codeigniter4\framework\system\Config\BaseService.php(248): CodeIgniter\Config\Services::session()
#8 C:\xampp\htdocs\ci4-presensiqr\vendor\codeigniter4\framework\system\Common.php(909): CodeIgniter\Config\BaseService::__callStatic('session', Array)
#9 C:\xampp\htdocs\ci4-presensiqr\app\Controllers\BaseController.php(51): session()
#10 C:\xampp\htdocs\ci4-presensiqr\vendor\codeigniter4\framework\system\CodeIgniter.php(802): App\Controllers\BaseController->initController(Object(CodeIgniter\HTTP\IncomingRequest), Object(CodeIgniter\HTTP\Response), Object(CodeIgniter\Log\Logger))
#11 C:\xampp\htdocs\ci4-presensiqr\vendor\codeigniter4\framework\system\CodeIgniter.php(401): CodeIgniter\CodeIgniter->createController()
#12 C:\xampp\htdocs\ci4-presensiqr\vendor\codeigniter4\framework\system\CodeIgniter.php(318): CodeIgniter\CodeIgniter->handleRequest(NULL, Object(Config\Cache), false)
#13 C:\xampp\htdocs\ci4-presensiqr\public\index.php(37): CodeIgniter\CodeIgniter->run()
#14 {main}
CRITICAL - 2022-06-30 07:55:31 --> strtolower(): Passing null to parameter #1 ($string) of type string is deprecated
#0 [internal function]: CodeIgniter\Debug\Exceptions->errorHandler(8192, 'strtolower(): P...', 'C:\\xampp\\htdocs...', 253)
#1 C:\xampp\htdocs\ci4-presensiqr\vendor\codeigniter4\framework\system\Validation\FormatRules.php(253): strtolower(NULL)
#2 C:\xampp\htdocs\ci4-presensiqr\vendor\codeigniter4\framework\system\HTTP\RequestTrait.php(151): CodeIgniter\Validation\FormatRules->valid_ip('192.168.60.201')
#3 C:\xampp\htdocs\ci4-presensiqr\vendor\codeigniter4\framework\system\Config\Services.php(570): CodeIgniter\HTTP\Request->getIPAddress()
#4 C:\xampp\htdocs\ci4-presensiqr\vendor\codeigniter4\framework\system\Config\BaseService.php(248): CodeIgniter\Config\Services::session(Object(Config\App), false)
#5 C:\xampp\htdocs\ci4-presensiqr\vendor\codeigniter4\framework\system\Config\BaseService.php(189): CodeIgniter\Config\BaseService::__callStatic('session', Array)
#6 C:\xampp\htdocs\ci4-presensiqr\vendor\codeigniter4\framework\system\Config\Services.php(563): CodeIgniter\Config\BaseService::getSharedInstance('session', NULL)
#7 C:\xampp\htdocs\ci4-presensiqr\vendor\codeigniter4\framework\system\Config\BaseService.php(248): CodeIgniter\Config\Services::session()
#8 C:\xampp\htdocs\ci4-presensiqr\vendor\codeigniter4\framework\system\Common.php(909): CodeIgniter\Config\BaseService::__callStatic('session', Array)
#9 C:\xampp\htdocs\ci4-presensiqr\app\Controllers\BaseController.php(51): session()
#10 C:\xampp\htdocs\ci4-presensiqr\vendor\codeigniter4\framework\system\CodeIgniter.php(802): App\Controllers\BaseController->initController(Object(CodeIgniter\HTTP\IncomingRequest), Object(CodeIgniter\HTTP\Response), Object(CodeIgniter\Log\Logger))
#11 C:\xampp\htdocs\ci4-presensiqr\vendor\codeigniter4\framework\system\CodeIgniter.php(401): CodeIgniter\CodeIgniter->createController()
#12 C:\xampp\htdocs\ci4-presensiqr\vendor\codeigniter4\framework\system\CodeIgniter.php(318): CodeIgniter\CodeIgniter->handleRequest(NULL, Object(Config\Cache), false)
#13 C:\xampp\htdocs\ci4-presensiqr\public\index.php(37): CodeIgniter\CodeIgniter->run()
#14 {main}
CRITICAL - 2022-06-30 07:55:42 --> strtolower(): Passing null to parameter #1 ($string) of type string is deprecated
#0 [internal function]: CodeIgniter\Debug\Exceptions->errorHandler(8192, 'strtolower(): P...', 'C:\\xampp\\htdocs...', 253)
#1 C:\xampp\htdocs\ci4-presensiqr\vendor\codeigniter4\framework\system\Validation\FormatRules.php(253): strtolower(NULL)
#2 C:\xampp\htdocs\ci4-presensiqr\vendor\codeigniter4\framework\system\HTTP\RequestTrait.php(151): CodeIgniter\Validation\FormatRules->valid_ip('192.168.60.201')
#3 C:\xampp\htdocs\ci4-presensiqr\vendor\codeigniter4\framework\system\Config\Services.php(570): CodeIgniter\HTTP\Request->getIPAddress()
#4 C:\xampp\htdocs\ci4-presensiqr\vendor\codeigniter4\framework\system\Config\BaseService.php(248): CodeIgniter\Config\Services::session(Object(Config\App), false)
#5 C:\xampp\htdocs\ci4-presensiqr\vendor\codeigniter4\framework\system\Config\BaseService.php(189): CodeIgniter\Config\BaseService::__callStatic('session', Array)
#6 C:\xampp\htdocs\ci4-presensiqr\vendor\codeigniter4\framework\system\Config\Services.php(563): CodeIgniter\Config\BaseService::getSharedInstance('session', NULL)
#7 C:\xampp\htdocs\ci4-presensiqr\vendor\codeigniter4\framework\system\Config\BaseService.php(248): CodeIgniter\Config\Services::session()
#8 C:\xampp\htdocs\ci4-presensiqr\vendor\codeigniter4\framework\system\Common.php(909): CodeIgniter\Config\BaseService::__callStatic('session', Array)
#9 C:\xampp\htdocs\ci4-presensiqr\app\Controllers\BaseController.php(51): session()
#10 C:\xampp\htdocs\ci4-presensiqr\vendor\codeigniter4\framework\system\CodeIgniter.php(802): App\Controllers\BaseController->initController(Object(CodeIgniter\HTTP\IncomingRequest), Object(CodeIgniter\HTTP\Response), Object(CodeIgniter\Log\Logger))
#11 C:\xampp\htdocs\ci4-presensiqr\vendor\codeigniter4\framework\system\CodeIgniter.php(401): CodeIgniter\CodeIgniter->createController()
#12 C:\xampp\htdocs\ci4-presensiqr\vendor\codeigniter4\framework\system\CodeIgniter.php(318): CodeIgniter\CodeIgniter->handleRequest(NULL, Object(Config\Cache), false)
#13 C:\xampp\htdocs\ci4-presensiqr\public\index.php(37): CodeIgniter\CodeIgniter->run()
#14 {main}
CRITICAL - 2022-06-30 07:55:42 --> strtolower(): Passing null to parameter #1 ($string) of type string is deprecated
#0 [internal function]: CodeIgniter\Debug\Exceptions->errorHandler(8192, 'strtolower(): P...', 'C:\\xampp\\htdocs...', 253)
#1 C:\xampp\htdocs\ci4-presensiqr\vendor\codeigniter4\framework\system\Validation\FormatRules.php(253): strtolower(NULL)
#2 C:\xampp\htdocs\ci4-presensiqr\vendor\codeigniter4\framework\system\HTTP\RequestTrait.php(151): CodeIgniter\Validation\FormatRules->valid_ip('192.168.60.201')
#3 C:\xampp\htdocs\ci4-presensiqr\vendor\codeigniter4\framework\system\Config\Services.php(570): CodeIgniter\HTTP\Request->getIPAddress()
#4 C:\xampp\htdocs\ci4-presensiqr\vendor\codeigniter4\framework\system\Config\BaseService.php(248): CodeIgniter\Config\Services::session(Object(Config\App), false)
#5 C:\xampp\htdocs\ci4-presensiqr\vendor\codeigniter4\framework\system\Config\BaseService.php(189): CodeIgniter\Config\BaseService::__callStatic('session', Array)
#6 C:\xampp\htdocs\ci4-presensiqr\vendor\codeigniter4\framework\system\Config\Services.php(563): CodeIgniter\Config\BaseService::getSharedInstance('session', NULL)
#7 C:\xampp\htdocs\ci4-presensiqr\vendor\codeigniter4\framework\system\Config\BaseService.php(248): CodeIgniter\Config\Services::session()
#8 C:\xampp\htdocs\ci4-presensiqr\vendor\codeigniter4\framework\system\Common.php(909): CodeIgniter\Config\BaseService::__callStatic('session', Array)
#9 C:\xampp\htdocs\ci4-presensiqr\app\Controllers\BaseController.php(51): session()
#10 C:\xampp\htdocs\ci4-presensiqr\vendor\codeigniter4\framework\system\CodeIgniter.php(802): App\Controllers\BaseController->initController(Object(CodeIgniter\HTTP\IncomingRequest), Object(CodeIgniter\HTTP\Response), Object(CodeIgniter\Log\Logger))
#11 C:\xampp\htdocs\ci4-presensiqr\vendor\codeigniter4\framework\system\CodeIgniter.php(401): CodeIgniter\CodeIgniter->createController()
#12 C:\xampp\htdocs\ci4-presensiqr\vendor\codeigniter4\framework\system\CodeIgniter.php(318): CodeIgniter\CodeIgniter->handleRequest(NULL, Object(Config\Cache), false)
#13 C:\xampp\htdocs\ci4-presensiqr\public\index.php(37): CodeIgniter\CodeIgniter->run()
#14 {main}
CRITICAL - 2022-06-30 07:57:34 --> strtolower(): Passing null to parameter #1 ($string) of type string is deprecated
#0 [internal function]: CodeIgniter\Debug\Exceptions->errorHandler(8192, 'strtolower(): P...', 'C:\\xampp\\htdocs...', 253)
#1 C:\xampp\htdocs\ci4-presensiqr\vendor\codeigniter4\framework\system\Validation\FormatRules.php(253): strtolower(NULL)
#2 C:\xampp\htdocs\ci4-presensiqr\vendor\codeigniter4\framework\system\HTTP\RequestTrait.php(151): CodeIgniter\Validation\FormatRules->valid_ip('192.168.60.201')
#3 C:\xampp\htdocs\ci4-presensiqr\vendor\codeigniter4\framework\system\Config\Services.php(570): CodeIgniter\HTTP\Request->getIPAddress()
#4 C:\xampp\htdocs\ci4-presensiqr\vendor\codeigniter4\framework\system\Config\BaseService.php(248): CodeIgniter\Config\Services::session(Object(Config\App), false)
#5 C:\xampp\htdocs\ci4-presensiqr\vendor\codeigniter4\framework\system\Config\BaseService.php(189): CodeIgniter\Config\BaseService::__callStatic('session', Array)
#6 C:\xampp\htdocs\ci4-presensiqr\vendor\codeigniter4\framework\system\Config\Services.php(563): CodeIgniter\Config\BaseService::getSharedInstance('session', NULL)
#7 C:\xampp\htdocs\ci4-presensiqr\vendor\codeigniter4\framework\system\Config\BaseService.php(248): CodeIgniter\Config\Services::session()
#8 C:\xampp\htdocs\ci4-presensiqr\vendor\codeigniter4\framework\system\Common.php(909): CodeIgniter\Config\BaseService::__callStatic('session', Array)
#9 C:\xampp\htdocs\ci4-presensiqr\app\Controllers\BaseController.php(51): session()
#10 C:\xampp\htdocs\ci4-presensiqr\vendor\codeigniter4\framework\system\CodeIgniter.php(802): App\Controllers\BaseController->initController(Object(CodeIgniter\HTTP\IncomingRequest), Object(CodeIgniter\HTTP\Response), Object(CodeIgniter\Log\Logger))
#11 C:\xampp\htdocs\ci4-presensiqr\vendor\codeigniter4\framework\system\CodeIgniter.php(401): CodeIgniter\CodeIgniter->createController()
#12 C:\xampp\htdocs\ci4-presensiqr\vendor\codeigniter4\framework\system\CodeIgniter.php(318): CodeIgniter\CodeIgniter->handleRequest(NULL, Object(Config\Cache), false)
#13 C:\xampp\htdocs\ci4-presensiqr\public\index.php(37): CodeIgniter\CodeIgniter->run()
#14 {main}
CRITICAL - 2022-06-30 07:57:36 --> strtolower(): Passing null to parameter #1 ($string) of type string is deprecated
#0 [internal function]: CodeIgniter\Debug\Exceptions->errorHandler(8192, 'strtolower(): P...', 'C:\\xampp\\htdocs...', 253)
#1 C:\xampp\htdocs\ci4-presensiqr\vendor\codeigniter4\framework\system\Validation\FormatRules.php(253): strtolower(NULL)
#2 C:\xampp\htdocs\ci4-presensiqr\vendor\codeigniter4\framework\system\HTTP\RequestTrait.php(151): CodeIgniter\Validation\FormatRules->valid_ip('192.168.60.201')
#3 C:\xampp\htdocs\ci4-presensiqr\vendor\codeigniter4\framework\system\Config\Services.php(570): CodeIgniter\HTTP\Request->getIPAddress()
#4 C:\xampp\htdocs\ci4-presensiqr\vendor\codeigniter4\framework\system\Config\BaseService.php(248): CodeIgniter\Config\Services::session(Object(Config\App), false)
#5 C:\xampp\htdocs\ci4-presensiqr\vendor\codeigniter4\framework\system\Config\BaseService.php(189): CodeIgniter\Config\BaseService::__callStatic('session', Array)
#6 C:\xampp\htdocs\ci4-presensiqr\vendor\codeigniter4\framework\system\Config\Services.php(563): CodeIgniter\Config\BaseService::getSharedInstance('session', NULL)
#7 C:\xampp\htdocs\ci4-presensiqr\vendor\codeigniter4\framework\system\Config\BaseService.php(248): CodeIgniter\Config\Services::session()
#8 C:\xampp\htdocs\ci4-presensiqr\vendor\codeigniter4\framework\system\Common.php(909): CodeIgniter\Config\BaseService::__callStatic('session', Array)
#9 C:\xampp\htdocs\ci4-presensiqr\app\Controllers\BaseController.php(51): session()
#10 C:\xampp\htdocs\ci4-presensiqr\vendor\codeigniter4\framework\system\CodeIgniter.php(802): App\Controllers\BaseController->initController(Object(CodeIgniter\HTTP\IncomingRequest), Object(CodeIgniter\HTTP\Response), Object(CodeIgniter\Log\Logger))
#11 C:\xampp\htdocs\ci4-presensiqr\vendor\codeigniter4\framework\system\CodeIgniter.php(401): CodeIgniter\CodeIgniter->createController()
#12 C:\xampp\htdocs\ci4-presensiqr\vendor\codeigniter4\framework\system\CodeIgniter.php(318): CodeIgniter\CodeIgniter->handleRequest(NULL, Object(Config\Cache), false)
#13 C:\xampp\htdocs\ci4-presensiqr\public\index.php(37): CodeIgniter\CodeIgniter->run()
#14 {main}
CRITICAL - 2022-06-30 07:57:36 --> strtolower(): Passing null to parameter #1 ($string) of type string is deprecated
#0 [internal function]: CodeIgniter\Debug\Exceptions->errorHandler(8192, 'strtolower(): P...', 'C:\\xampp\\htdocs...', 253)
#1 C:\xampp\htdocs\ci4-presensiqr\vendor\codeigniter4\framework\system\Validation\FormatRules.php(253): strtolower(NULL)
#2 C:\xampp\htdocs\ci4-presensiqr\vendor\codeigniter4\framework\system\HTTP\RequestTrait.php(151): CodeIgniter\Validation\FormatRules->valid_ip('192.168.60.201')
#3 C:\xampp\htdocs\ci4-presensiqr\vendor\codeigniter4\framework\system\Config\Services.php(570): CodeIgniter\HTTP\Request->getIPAddress()
#4 C:\xampp\htdocs\ci4-presensiqr\vendor\codeigniter4\framework\system\Config\BaseService.php(248): CodeIgniter\Config\Services::session(Object(Config\App), false)
#5 C:\xampp\htdocs\ci4-presensiqr\vendor\codeigniter4\framework\system\Config\BaseService.php(189): CodeIgniter\Config\BaseService::__callStatic('session', Array)
#6 C:\xampp\htdocs\ci4-presensiqr\vendor\codeigniter4\framework\system\Config\Services.php(563): CodeIgniter\Config\BaseService::getSharedInstance('session', NULL)
#7 C:\xampp\htdocs\ci4-presensiqr\vendor\codeigniter4\framework\system\Config\BaseService.php(248): CodeIgniter\Config\Services::session()
#8 C:\xampp\htdocs\ci4-presensiqr\vendor\codeigniter4\framework\system\Common.php(909): CodeIgniter\Config\BaseService::__callStatic('session', Array)
#9 C:\xampp\htdocs\ci4-presensiqr\app\Controllers\BaseController.php(51): session()
#10 C:\xampp\htdocs\ci4-presensiqr\vendor\codeigniter4\framework\system\CodeIgniter.php(802): App\Controllers\BaseController->initController(Object(CodeIgniter\HTTP\IncomingRequest), Object(CodeIgniter\HTTP\Response), Object(CodeIgniter\Log\Logger))
#11 C:\xampp\htdocs\ci4-presensiqr\vendor\codeigniter4\framework\system\CodeIgniter.php(401): CodeIgniter\CodeIgniter->createController()
#12 C:\xampp\htdocs\ci4-presensiqr\vendor\codeigniter4\framework\system\CodeIgniter.php(318): CodeIgniter\CodeIgniter->handleRequest(NULL, Object(Config\Cache), false)
#13 C:\xampp\htdocs\ci4-presensiqr\public\index.php(37): CodeIgniter\CodeIgniter->run()
#14 {main}
CRITICAL - 2022-06-30 07:57:59 --> strtolower(): Passing null to parameter #1 ($string) of type string is deprecated
#0 [internal function]: CodeIgniter\Debug\Exceptions->errorHandler(8192, 'strtolower(): P...', 'C:\\xampp\\htdocs...', 253)
#1 C:\xampp\htdocs\ci4-presensiqr\vendor\codeigniter4\framework\system\Validation\FormatRules.php(253): strtolower(NULL)
#2 C:\xampp\htdocs\ci4-presensiqr\vendor\codeigniter4\framework\system\HTTP\RequestTrait.php(151): CodeIgniter\Validation\FormatRules->valid_ip('192.168.60.201')
#3 C:\xampp\htdocs\ci4-presensiqr\vendor\codeigniter4\framework\system\Config\Services.php(570): CodeIgniter\HTTP\Request->getIPAddress()
#4 C:\xampp\htdocs\ci4-presensiqr\vendor\codeigniter4\framework\system\Config\BaseService.php(248): CodeIgniter\Config\Services::session(Object(Config\App), false)
#5 C:\xampp\htdocs\ci4-presensiqr\vendor\codeigniter4\framework\system\Config\BaseService.php(189): CodeIgniter\Config\BaseService::__callStatic('session', Array)
#6 C:\xampp\htdocs\ci4-presensiqr\vendor\codeigniter4\framework\system\Config\Services.php(563): CodeIgniter\Config\BaseService::getSharedInstance('session', NULL)
#7 C:\xampp\htdocs\ci4-presensiqr\vendor\codeigniter4\framework\system\Config\BaseService.php(248): CodeIgniter\Config\Services::session()
#8 C:\xampp\htdocs\ci4-presensiqr\vendor\codeigniter4\framework\system\Common.php(909): CodeIgniter\Config\BaseService::__callStatic('session', Array)
#9 C:\xampp\htdocs\ci4-presensiqr\app\Controllers\BaseController.php(51): session()
#10 C:\xampp\htdocs\ci4-presensiqr\vendor\codeigniter4\framework\system\CodeIgniter.php(802): App\Controllers\BaseController->initController(Object(CodeIgniter\HTTP\IncomingRequest), Object(CodeIgniter\HTTP\Response), Object(CodeIgniter\Log\Logger))
#11 C:\xampp\htdocs\ci4-presensiqr\vendor\codeigniter4\framework\system\CodeIgniter.php(401): CodeIgniter\CodeIgniter->createController()
#12 C:\xampp\htdocs\ci4-presensiqr\vendor\codeigniter4\framework\system\CodeIgniter.php(318): CodeIgniter\CodeIgniter->handleRequest(NULL, Object(Config\Cache), false)
#13 C:\xampp\htdocs\ci4-presensiqr\public\index.php(37): CodeIgniter\CodeIgniter->run()
#14 {main}
CRITICAL - 2022-06-30 13:12:18 --> Call to undefined function CodeIgniter\locale_set_default()
#0 C:\xampp\htdocs\ci4-presensiqr\vendor\codeigniter4\framework\system\bootstrap.php(146): CodeIgniter\CodeIgniter->initialize()
#1 C:\xampp\htdocs\ci4-presensiqr\public\index.php(28): require('C:\\xampp\\htdocs...')
#2 {main}
CRITICAL - 2022-06-30 13:12:58 --> Call to undefined function CodeIgniter\locale_set_default()
#0 C:\xampp\htdocs\ci4-presensiqr\vendor\codeigniter4\framework\system\bootstrap.php(146): CodeIgniter\CodeIgniter->initialize()
#1 C:\xampp\htdocs\ci4-presensiqr\public\index.php(28): require('C:\\xampp\\htdocs...')
#2 {main}
CRITICAL - 2022-06-30 13:15:26 --> Call to undefined function CodeIgniter\locale_set_default()
#0 C:\xampp\htdocs\ci4-presensiqr\vendor\codeigniter4\framework\system\bootstrap.php(146): CodeIgniter\CodeIgniter->initialize()
#1 C:\xampp\htdocs\ci4-presensiqr\public\index.php(28): require('C:\\xampp\\htdocs...')
#2 {main}
CRITICAL - 2022-06-30 13:17:00 --> Call to undefined function CodeIgniter\locale_set_default()
#0 C:\xampp\htdocs\ci4-presensiqr\vendor\codeigniter4\framework\system\bootstrap.php(146): CodeIgniter\CodeIgniter->initialize()
#1 C:\xampp\htdocs\ci4-presensiqr\public\index.php(28): require('C:\\xampp\\htdocs...')
#2 {main}
CRITICAL - 2022-06-30 13:17:03 --> Call to undefined function CodeIgniter\locale_set_default()
#0 C:\xampp\htdocs\ci4-presensiqr\vendor\codeigniter4\framework\system\bootstrap.php(146): CodeIgniter\CodeIgniter->initialize()
#1 C:\xampp\htdocs\ci4-presensiqr\public\index.php(28): require('C:\\xampp\\htdocs...')
#2 {main}
CRITICAL - 2022-06-30 13:17:48 --> Call to undefined function CodeIgniter\locale_set_default()
#0 C:\xampp\htdocs\ci4-presensiqr\vendor\codeigniter4\framework\system\bootstrap.php(146): CodeIgniter\CodeIgniter->initialize()
#1 C:\xampp\htdocs\ci4-presensiqr\public\index.php(28): require('C:\\xampp\\htdocs...')
#2 {main}
CRITICAL - 2022-06-30 13:40:28 --> Call to undefined function CodeIgniter\locale_set_default()
#0 C:\xampp\htdocs\ci4-presensiqr\vendor\codeigniter4\framework\system\bootstrap.php(146): CodeIgniter\CodeIgniter->initialize()
#1 C:\xampp\htdocs\ci4-presensiqr\public\index.php(28): require('C:\\xampp\\htdocs...')
#2 {main}
CRITICAL - 2022-06-30 13:42:35 --> Call to undefined function CodeIgniter\locale_set_default()
#0 C:\xampp\htdocs\ci4-presensiqr\vendor\codeigniter4\framework\system\bootstrap.php(146): CodeIgniter\CodeIgniter->initialize()
#1 C:\xampp\htdocs\ci4-presensiqr\public\index.php(28): require('C:\\xampp\\htdocs...')
#2 {main}
CRITICAL - 2022-06-30 13:48:01 --> Call to undefined function CodeIgniter\locale_set_default()
#0 C:\xampp\htdocs\ci4-presensiqr\vendor\codeigniter4\framework\system\bootstrap.php(146): CodeIgniter\CodeIgniter->initialize()
#1 C:\xampp\htdocs\ci4-presensiqr\public\index.php(28): require('...')
#2 {main}
CRITICAL - 2022-06-30 13:48:03 --> Call to undefined function CodeIgniter\locale_set_default()
#0 C:\xampp\htdocs\ci4-presensiqr\vendor\codeigniter4\framework\system\bootstrap.php(146): CodeIgniter\CodeIgniter->initialize()
#1 C:\xampp\htdocs\ci4-presensiqr\public\index.php(28): require('...')
#2 {main}
CRITICAL - 2022-06-30 13:48:04 --> Call to undefined function CodeIgniter\locale_set_default()
#0 C:\xampp\htdocs\ci4-presensiqr\vendor\codeigniter4\framework\system\bootstrap.php(146): CodeIgniter\CodeIgniter->initialize()
#1 C:\xampp\htdocs\ci4-presensiqr\public\index.php(28): require('...')
#2 {main}
CRITICAL - 2022-06-30 13:49:39 --> Call to undefined function CodeIgniter\locale_set_default()
#0 C:\xampp\htdocs\ci4-presensiqr\vendor\codeigniter4\framework\system\bootstrap.php(146): CodeIgniter\CodeIgniter->initialize()
#1 C:\xampp\htdocs\ci4-presensiqr\public\index.php(28): require('...')
#2 {main}
CRITICAL - 2022-06-30 13:49:40 --> Call to undefined function CodeIgniter\locale_set_default()
#0 C:\xampp\htdocs\ci4-presensiqr\vendor\codeigniter4\framework\system\bootstrap.php(146): CodeIgniter\CodeIgniter->initialize()
#1 C:\xampp\htdocs\ci4-presensiqr\public\index.php(28): require('...')
#2 {main}
CRITICAL - 2022-06-30 13:49:41 --> Call to undefined function CodeIgniter\locale_set_default()
#0 C:\xampp\htdocs\ci4-presensiqr\vendor\codeigniter4\framework\system\bootstrap.php(146): CodeIgniter\CodeIgniter->initialize()
#1 C:\xampp\htdocs\ci4-presensiqr\public\index.php(28): require('...')
#2 {main}
CRITICAL - 2022-06-30 13:49:41 --> Call to undefined function CodeIgniter\locale_set_default()
#0 C:\xampp\htdocs\ci4-presensiqr\vendor\codeigniter4\framework\system\bootstrap.php(146): CodeIgniter\CodeIgniter->initialize()
#1 C:\xampp\htdocs\ci4-presensiqr\public\index.php(28): require('...')
#2 {main}
CRITICAL - 2022-06-30 13:49:57 --> Call to undefined function CodeIgniter\locale_set_default()
#0 C:\xampp\htdocs\ci4-presensiqr\vendor\codeigniter4\framework\system\bootstrap.php(146): CodeIgniter\CodeIgniter->initialize()
#1 C:\xampp\htdocs\ci4-presensiqr\public\index.php(28): require('...')
#2 {main}
CRITICAL - 2022-06-30 13:52:14 --> Call to undefined function CodeIgniter\locale_set_default()
#0 C:\xampp\htdocs\ci4-presensiqr\vendor\codeigniter4\framework\system\bootstrap.php(146): CodeIgniter\CodeIgniter->initialize()
#1 C:\xampp\htdocs\ci4-presensiqr\public\index.php(28): require('...')
#2 {main}
CRITICAL - 2022-06-30 13:52:25 --> Call to undefined function CodeIgniter\locale_set_default()
#0 C:\xampp\htdocs\ci4-presensiqr\vendor\codeigniter4\framework\system\bootstrap.php(146): CodeIgniter\CodeIgniter->initialize()
#1 C:\xampp\htdocs\ci4-presensiqr\public\index.php(28): require('...')
#2 {main}
CRITICAL - 2022-06-30 16:36:03 --> Call to undefined function CodeIgniter\locale_set_default()
#0 C:\Hendri\Xampp\htdocs\ci4-presensiqr\vendor\codeigniter4\framework\system\bootstrap.php(146): CodeIgniter\CodeIgniter->initialize()
#1 C:\Hendri\Xampp\htdocs\ci4-presensiqr\public\index.php(28): require('C:\\Hendri\\Xampp...')
#2 {main}
CRITICAL - 2022-06-30 16:37:17 --> Call to undefined function CodeIgniter\locale_set_default()
#0 C:\Hendri\Xampp\htdocs\ci4-presensiqr\vendor\codeigniter4\framework\system\bootstrap.php(146): CodeIgniter\CodeIgniter->initialize()
#1 C:\Hendri\Xampp\htdocs\ci4-presensiqr\public\index.php(28): require('C:\\Hendri\\Xampp...')
#2 {main}
CRITICAL - 2022-06-30 16:37:43 --> Call to undefined function CodeIgniter\locale_set_default()
#0 C:\Hendri\Xampp\htdocs\ci4-presensiqr\vendor\codeigniter4\framework\system\bootstrap.php(146): CodeIgniter\CodeIgniter->initialize()
#1 C:\Hendri\Xampp\htdocs\ci4-presensiqr\public\index.php(28): require('C:\\Hendri\\Xampp...')
#2 {main}
CRITICAL - 2022-06-30 16:37:43 --> Call to undefined function CodeIgniter\locale_set_default()
#0 C:\Hendri\Xampp\htdocs\ci4-presensiqr\vendor\codeigniter4\framework\system\bootstrap.php(146): CodeIgniter\CodeIgniter->initialize()
#1 C:\Hendri\Xampp\htdocs\ci4-presensiqr\public\index.php(28): require('C:\\Hendri\\Xampp...')
#2 {main}
ERROR - 2022-06-30 09:46:27 --> Column 'nama_admin' cannot be null
CRITICAL - 2022-06-30 09:46:27 --> Column 'nama_admin' cannot be null
#0 C:\Hendri\Xampp\htdocs\ci4-presensiqr\vendor\codeigniter4\framework\system\Database\MySQLi\Connection.php(292): mysqli->query('INSERT INTO `ad...', 0)
#1 C:\Hendri\Xampp\htdocs\ci4-presensiqr\vendor\codeigniter4\framework\system\Database\BaseConnection.php(670): CodeIgniter\Database\MySQLi\Connection->execute('INSERT INTO `ad...')
#2 C:\Hendri\Xampp\htdocs\ci4-presensiqr\vendor\codeigniter4\framework\system\Database\BaseConnection.php(598): CodeIgniter\Database\BaseConnection->simpleQuery('INSERT INTO `ad...')
#3 C:\Hendri\Xampp\htdocs\ci4-presensiqr\vendor\codeigniter4\framework\system\Database\BaseBuilder.php(1759): CodeIgniter\Database\BaseConnection->query('INSERT INTO `ad...', Array, false)
#4 C:\Hendri\Xampp\htdocs\ci4-presensiqr\vendor\codeigniter4\framework\system\Model.php(239): CodeIgniter\Database\BaseBuilder->insert()
#5 C:\Hendri\Xampp\htdocs\ci4-presensiqr\vendor\codeigniter4\framework\system\BaseModel.php(738): CodeIgniter\Model->doInsert(Array)
#6 C:\Hendri\Xampp\htdocs\ci4-presensiqr\vendor\codeigniter4\framework\system\Model.php(620): CodeIgniter\BaseModel->insert(Array, false)
#7 C:\Hendri\Xampp\htdocs\ci4-presensiqr\vendor\codeigniter4\framework\system\BaseModel.php(658): CodeIgniter\Model->insert(Array, false)
#8 C:\Hendri\Xampp\htdocs\ci4-presensiqr\app\Controllers\Auth.php(149): CodeIgniter\BaseModel->save(Array)
#9 C:\Hendri\Xampp\htdocs\ci4-presensiqr\vendor\codeigniter4\framework\system\CodeIgniter.php(824): App\Controllers\Auth->registration()
#10 C:\Hendri\Xampp\htdocs\ci4-presensiqr\vendor\codeigniter4\framework\system\CodeIgniter.php(410): CodeIgniter\CodeIgniter->runController(Object(App\Controllers\Auth))
#11 C:\Hendri\Xampp\htdocs\ci4-presensiqr\vendor\codeigniter4\framework\system\CodeIgniter.php(318): CodeIgniter\CodeIgniter->handleRequest(NULL, Object(Config\Cache), false)
#12 C:\Hendri\Xampp\htdocs\ci4-presensiqr\public\index.php(37): CodeIgniter\CodeIgniter->run()
#13 {main}
ERROR - 2022-06-30 09:46:30 --> Column 'nama_admin' cannot be null
CRITICAL - 2022-06-30 09:46:30 --> Column 'nama_admin' cannot be null
#0 C:\Hendri\Xampp\htdocs\ci4-presensiqr\vendor\codeigniter4\framework\system\Database\MySQLi\Connection.php(292): mysqli->query('INSERT INTO `ad...', 0)
#1 C:\Hendri\Xampp\htdocs\ci4-presensiqr\vendor\codeigniter4\framework\system\Database\BaseConnection.php(670): CodeIgniter\Database\MySQLi\Connection->execute('INSERT INTO `ad...')
#2 C:\Hendri\Xampp\htdocs\ci4-presensiqr\vendor\codeigniter4\framework\system\Database\BaseConnection.php(598): CodeIgniter\Database\BaseConnection->simpleQuery('INSERT INTO `ad...')
#3 C:\Hendri\Xampp\htdocs\ci4-presensiqr\vendor\codeigniter4\framework\system\Database\BaseBuilder.php(1759): CodeIgniter\Database\BaseConnection->query('INSERT INTO `ad...', Array, false)
#4 C:\Hendri\Xampp\htdocs\ci4-presensiqr\vendor\codeigniter4\framework\system\Model.php(239): CodeIgniter\Database\BaseBuilder->insert()
#5 C:\Hendri\Xampp\htdocs\ci4-presensiqr\vendor\codeigniter4\framework\system\BaseModel.php(738): CodeIgniter\Model->doInsert(Array)
#6 C:\Hendri\Xampp\htdocs\ci4-presensiqr\vendor\codeigniter4\framework\system\Model.php(620): CodeIgniter\BaseModel->insert(Array, false)
#7 C:\Hendri\Xampp\htdocs\ci4-presensiqr\vendor\codeigniter4\framework\system\BaseModel.php(658): CodeIgniter\Model->insert(Array, false)
#8 C:\Hendri\Xampp\htdocs\ci4-presensiqr\app\Controllers\Auth.php(149): CodeIgniter\BaseModel->save(Array)
#9 C:\Hendri\Xampp\htdocs\ci4-presensiqr\vendor\codeigniter4\framework\system\CodeIgniter.php(824): App\Controllers\Auth->registration()
#10 C:\Hendri\Xampp\htdocs\ci4-presensiqr\vendor\codeigniter4\framework\system\CodeIgniter.php(410): CodeIgniter\CodeIgniter->runController(Object(App\Controllers\Auth))
#11 C:\Hendri\Xampp\htdocs\ci4-presensiqr\vendor\codeigniter4\framework\system\CodeIgniter.php(318): CodeIgniter\CodeIgniter->handleRequest(NULL, Object(Config\Cache), false)
#12 C:\Hendri\Xampp\htdocs\ci4-presensiqr\public\index.php(37): CodeIgniter\CodeIgniter->run()
#13 {main}
CRITICAL - 2022-06-30 23:28:37 --> Undefined property: stdClass::$kelas_siswa
#0 C:\Hendri\Xampp\htdocs\ci4-presensiqr\app\Views\admin\siswa\index.php(132): CodeIgniter\Debug\Exceptions->errorHandler(8, 'Undefined prope...', 'C:\\Hendri\\Xampp...', 132, Array)
#1 C:\Hendri\Xampp\htdocs\ci4-presensiqr\vendor\codeigniter4\framework\system\View\View.php(214): include('C:\\Hendri\\Xampp...')
#2 C:\Hendri\Xampp\htdocs\ci4-presensiqr\vendor\codeigniter4\framework\system\View\View.php(217): CodeIgniter\View\View->CodeIgniter\View\{closure}()
#3 C:\Hendri\Xampp\htdocs\ci4-presensiqr\vendor\codeigniter4\framework\system\Common.php(1097): CodeIgniter\View\View->render('admin/siswa/ind...', Array, true)
#4 C:\Hendri\Xampp\htdocs\ci4-presensiqr\app\Controllers\Admin.php(361): view('admin/siswa/ind...', Array)
#5 C:\Hendri\Xampp\htdocs\ci4-presensiqr\vendor\codeigniter4\framework\system\CodeIgniter.php(824): App\Controllers\Admin->students()
#6 C:\Hendri\Xampp\htdocs\ci4-presensiqr\vendor\codeigniter4\framework\system\CodeIgniter.php(410): CodeIgniter\CodeIgniter->runController(Object(App\Controllers\Admin))
#7 C:\Hendri\Xampp\htdocs\ci4-presensiqr\vendor\codeigniter4\framework\system\CodeIgniter.php(318): CodeIgniter\CodeIgniter->handleRequest(NULL, Object(Config\Cache), false)
#8 C:\Hendri\Xampp\htdocs\ci4-presensiqr\public\index.php(37): CodeIgniter\CodeIgniter->run()
#9 {main}
CRITICAL - 2022-06-30 23:30:42 --> Undefined property: stdClass::$kode_siswa
#0 C:\Hendri\Xampp\htdocs\ci4-presensiqr\app\Views\admin\siswa\index.php(132): CodeIgniter\Debug\Exceptions->errorHandler(8, 'Undefined prope...', 'C:\\Hendri\\Xampp...', 132, Array)
#1 C:\Hendri\Xampp\htdocs\ci4-presensiqr\vendor\codeigniter4\framework\system\View\View.php(214): include('C:\\Hendri\\Xampp...')
#2 C:\Hendri\Xampp\htdocs\ci4-presensiqr\vendor\codeigniter4\framework\system\View\View.php(217): CodeIgniter\View\View->CodeIgniter\View\{closure}()
#3 C:\Hendri\Xampp\htdocs\ci4-presensiqr\vendor\codeigniter4\framework\system\Common.php(1097): CodeIgniter\View\View->render('admin/siswa/ind...', Array, true)
#4 C:\Hendri\Xampp\htdocs\ci4-presensiqr\app\Controllers\Admin.php(361): view('admin/siswa/ind...', Array)
#5 C:\Hendri\Xampp\htdocs\ci4-presensiqr\vendor\codeigniter4\framework\system\CodeIgniter.php(824): App\Controllers\Admin->students()
#6 C:\Hendri\Xampp\htdocs\ci4-presensiqr\vendor\codeigniter4\framework\system\CodeIgniter.php(410): CodeIgniter\CodeIgniter->runController(Object(App\Controllers\Admin))
#7 C:\Hendri\Xampp\htdocs\ci4-presensiqr\vendor\codeigniter4\framework\system\CodeIgniter.php(318): CodeIgniter\CodeIgniter->handleRequest(NULL, Object(Config\Cache), false)
#8 C:\Hendri\Xampp\htdocs\ci4-presensiqr\public\index.php(37): CodeIgniter\CodeIgniter->run()
#9 {main}
CRITICAL - 2022-06-30 23:31:09 --> Undefined property: stdClass::$kode_siswa
#0 C:\Hendri\Xampp\htdocs\ci4-presensiqr\app\Views\admin\siswa\index.php(132): CodeIgniter\Debug\Exceptions->errorHandler(8, 'Undefined prope...', 'C:\\Hendri\\Xampp...', 132, Array)
#1 C:\Hendri\Xampp\htdocs\ci4-presensiqr\vendor\codeigniter4\framework\system\View\View.php(214): include('C:\\Hendri\\Xampp...')
#2 C:\Hendri\Xampp\htdocs\ci4-presensiqr\vendor\codeigniter4\framework\system\View\View.php(217): CodeIgniter\View\View->CodeIgniter\View\{closure}()
#3 C:\Hendri\Xampp\htdocs\ci4-presensiqr\vendor\codeigniter4\framework\system\Common.php(1097): CodeIgniter\View\View->render('admin/siswa/ind...', Array, true)
#4 C:\Hendri\Xampp\htdocs\ci4-presensiqr\app\Controllers\Admin.php(361): view('admin/siswa/ind...', Array)
#5 C:\Hendri\Xampp\htdocs\ci4-presensiqr\vendor\codeigniter4\framework\system\CodeIgniter.php(824): App\Controllers\Admin->students()
#6 C:\Hendri\Xampp\htdocs\ci4-presensiqr\vendor\codeigniter4\framework\system\CodeIgniter.php(410): CodeIgniter\CodeIgniter->runController(Object(App\Controllers\Admin))
#7 C:\Hendri\Xampp\htdocs\ci4-presensiqr\vendor\codeigniter4\framework\system\CodeIgniter.php(318): CodeIgniter\CodeIgniter->handleRequest(NULL, Object(Config\Cache), false)
#8 C:\Hendri\Xampp\htdocs\ci4-presensiqr\public\index.php(37): CodeIgniter\CodeIgniter->run()
#9 {main}
CRITICAL - 2022-06-30 23:31:12 --> Undefined property: stdClass::$kode_siswa
#0 C:\Hendri\Xampp\htdocs\ci4-presensiqr\app\Views\admin\siswa\index.php(132): CodeIgniter\Debug\Exceptions->errorHandler(8, 'Undefined prope...', 'C:\\Hendri\\Xampp...', 132, Array)
#1 C:\Hendri\Xampp\htdocs\ci4-presensiqr\vendor\codeigniter4\framework\system\View\View.php(214): include('C:\\Hendri\\Xampp...')
#2 C:\Hendri\Xampp\htdocs\ci4-presensiqr\vendor\codeigniter4\framework\system\View\View.php(217): CodeIgniter\View\View->CodeIgniter\View\{closure}()
#3 C:\Hendri\Xampp\htdocs\ci4-presensiqr\vendor\codeigniter4\framework\system\Common.php(1097): CodeIgniter\View\View->render('admin/siswa/ind...', Array, true)
#4 C:\Hendri\Xampp\htdocs\ci4-presensiqr\app\Controllers\Admin.php(361): view('admin/siswa/ind...', Array)
#5 C:\Hendri\Xampp\htdocs\ci4-presensiqr\vendor\codeigniter4\framework\system\CodeIgniter.php(824): App\Controllers\Admin->students()
#6 C:\Hendri\Xampp\htdocs\ci4-presensiqr\vendor\codeigniter4\framework\system\CodeIgniter.php(410): CodeIgniter\CodeIgniter->runController(Object(App\Controllers\Admin))
#7 C:\Hendri\Xampp\htdocs\ci4-presensiqr\vendor\codeigniter4\framework\system\CodeIgniter.php(318): CodeIgniter\CodeIgniter->handleRequest(NULL, Object(Config\Cache), false)
#8 C:\Hendri\Xampp\htdocs\ci4-presensiqr\public\index.php(37): CodeIgniter\CodeIgniter->run()
#9 {main}
CRITICAL - 2022-06-30 23:31:57 --> Undefined property: stdClass::$nama_siswa
#0 C:\Hendri\Xampp\htdocs\ci4-presensiqr\app\Views\admin\siswa\index.php(132): CodeIgniter\Debug\Exceptions->errorHandler(8, 'Undefined prope...', 'C:\\Hendri\\Xampp...', 132, Array)
#1 C:\Hendri\Xampp\htdocs\ci4-presensiqr\vendor\codeigniter4\framework\system\View\View.php(214): include('C:\\Hendri\\Xampp...')
#2 C:\Hendri\Xampp\htdocs\ci4-presensiqr\vendor\codeigniter4\framework\system\View\View.php(217): CodeIgniter\View\View->CodeIgniter\View\{closure}()
#3 C:\Hendri\Xampp\htdocs\ci4-presensiqr\vendor\codeigniter4\framework\system\Common.php(1097): CodeIgniter\View\View->render('admin/siswa/ind...', Array, true)
#4 C:\Hendri\Xampp\htdocs\ci4-presensiqr\app\Controllers\Admin.php(361): view('admin/siswa/ind...', Array)
#5 C:\Hendri\Xampp\htdocs\ci4-presensiqr\vendor\codeigniter4\framework\system\CodeIgniter.php(824): App\Controllers\Admin->students()
#6 C:\Hendri\Xampp\htdocs\ci4-presensiqr\vendor\codeigniter4\framework\system\CodeIgniter.php(410): CodeIgniter\CodeIgniter->runController(Object(App\Controllers\Admin))
#7 C:\Hendri\Xampp\htdocs\ci4-presensiqr\vendor\codeigniter4\framework\system\CodeIgniter.php(318): CodeIgniter\CodeIgniter->handleRequest(NULL, Object(Config\Cache), false)
#8 C:\Hendri\Xampp\htdocs\ci4-presensiqr\public\index.php(37): CodeIgniter\CodeIgniter->run()
#9 {main}
